============================================================
Time  2019/10/07 22:02:30 527 
============================================================
[2019/10/07 22:02:30 527] tts_local  1837 Linux  
[2019/10/07 22:02:30 527] tts_local  1873 SYS_MSG_REGCB_LOCAL  
[2019/10/07 22:02:30 527] tts_local  1888 last gc at  1570456950  
[2019/10/07 22:02:30 527] tts_local  1873 SYS_MSG_REGCB_LOCAL  
[2019/10/07 22:02:30 527] tts_local  1888 last gc at  1570456950  
[2019/10/07 22:02:30 528] tts_local  1680 TTS_LOCAL_MSG_SSB  engine_type=local,voice_name=xiaoyan,text_encoding=UTF8,tts_res_path=fo|/home/kevin/intelligentvoiceordering/demo_tts_offline/bin/msc/res/tts/xiaoyan.jet;fo|/home/kevin/intelligentvoiceordering/demo_tts_offline/bin/msc/res/tts/common.jet,sample_rate=16000,speed=50,volume=50,pitch=50,rdn=2  
[2019/10/07 22:02:30 528] tts_local  1572 fo|/home/kevin/intelligentvoiceordering/demo_tts_offline/bin/msc/res/tts/xiaoyan.jet;fo|/home/kevin/intelligentvoiceordering/demo_tts_offline/bin/msc/res/tts/common.jet  
[2019/10/07 22:02:30 528] tts_local  1575 nil  
[2019/10/07 22:02:30 528] tts_local  862  resource path:  fo|/home/kevin/intelligentvoiceordering/demo_tts_offline/bin/msc/res/tts/xiaoyan.jet;fo|/home/kevin/intelligentvoiceordering/demo_tts_offline/bin/msc/res/tts/common.jet  
[2019/10/07 22:02:30 528] tts_local  890  Disperse res  
[2019/10/07 22:02:30 528] tts_local  994  fo|/home/kevin/intelligentvoiceordering/demo_tts_offline/bin/msc/res/tts/xiaoyan.jet  fo|/home/kevin/intelligentvoiceordering/demo_tts_offline/bin/msc/res/tts/common.jet  
[2019/10/07 22:02:30 528] tts_local  1579 res_change is  true  
[2019/10/07 22:02:30 528] tts_local  1595 res change  
[2019/10/07 22:02:30 528] tts_local  1398 lgi:  nil  nil  
[2019/10/07 22:02:30 529] tts_local  862  resource path:  fo|/home/kevin/intelligentvoiceordering/demo_tts_offline/bin/msc/res/tts/xiaoyan.jet;fo|/home/kevin/intelligentvoiceordering/demo_tts_offline/bin/msc/res/tts/common.jet  
[2019/10/07 22:02:30 529] tts_local  890  Disperse res  
[2019/10/07 22:02:30 529] tts_local  852  file_type:  fo  file_path:  /home/kevin/intelligentvoiceordering/demo_tts_offline/bin/msc/res/tts/xiaoyan.jet  
[2019/10/07 22:02:30 529] tts_local  852  file_type:  fo  file_path:  /home/kevin/intelligentvoiceordering/demo_tts_offline/bin/msc/res/tts/common.jet  
[2019/10/07 22:02:30 529] tts_local  1426 fo  fo  /home/kevin/intelligentvoiceordering/demo_tts_offline/bin/msc/res/tts/xiaoyan.jet  0  /home/kevin/intelligentvoiceordering/demo_tts_offline/bin/msc/res/tts/common.jet  0  false  
[2019/10/07 22:02:30 529] tts_local  1033 speech_plus_setting  0  
[2019/10/07 22:02:30 529] tts_local  1041 fo  /home/kevin/intelligentvoiceordering/demo_tts_offline/bin/msc/res/tts/xiaoyan.jet  0  0  
[2019/10/07 22:02:30 529] tts_local  1045 res_ver  0  
[2019/10/07 22:02:30 529] tts_local  1046 res appid5    
[2019/10/07 22:02:30 529] tts_local  1047 res_new_old_mark  v5vn  
[2019/10/07 22:02:30 529] tts_local  1048 res_usr_name    
[2019/10/07 22:02:30 529] tts_local  1049 check ret  0  
[2019/10/07 22:02:30 529] tts_local  1129 v5vn  
[2019/10/07 22:02:30 531] tts_local  1188 now expires:  1570456950  1570798481  
[2019/10/07 22:02:30 531] auth       82   aisound  app  nil  nil  {"aisound":{"ver":"2","bus":{"expire_date":1570798481,"forbid":"0","nlimit":3}}}  
[2019/10/07 22:02:30 533] auth       161  auth get aisound_res_id  nil  
[2019/10/07 22:02:30 533] auth       354  nil  
[2019/10/07 22:02:30 533] tts_local  1033 speech_plus_setting  0  
[2019/10/07 22:02:30 533] tts_local  1041 fo  /home/kevin/intelligentvoiceordering/demo_tts_offline/bin/msc/res/tts/common.jet  0  0  
[2019/10/07 22:02:30 533] tts_local  1045 res_ver  0  
[2019/10/07 22:02:30 533] tts_local  1046 res appid5    
[2019/10/07 22:02:30 533] tts_local  1047 res_new_old_mark  v5vn  
[2019/10/07 22:02:30 533] tts_local  1048 res_usr_name    
[2019/10/07 22:02:30 533] tts_local  1049 check ret  0  
[2019/10/07 22:02:30 533] tts_local  1129 v5vn  
[2019/10/07 22:02:30 534] tts_local  1188 now expires:  1570456950  1570798481  
[2019/10/07 22:02:30 534] tts_local  1475 v5vn  v5vn  
[2019/10/07 22:02:30 534] auth       82   aisound  app  nil  nil  {"aisound":{"ver":"2","bus":{"expire_date":1570798481,"forbid":"0","nlimit":3}}}  
[2019/10/07 22:02:30 534] auth       161  auth get aisound_res_id  nil  
[2019/10/07 22:02:30 534] auth       354  nil  
[2019/10/07 22:02:30 535] tts_local  1518 fo  /home/kevin/intelligentvoiceordering/demo_tts_offline/bin/msc/res/tts/xiaoyan.jet  145  fo  /home/kevin/intelligentvoiceordering/demo_tts_offline/bin/msc/res/tts/common.jet  113  false  func(a806b2a0) 
[2019/10/07 22:02:30 536] tts_local  1534 engine init success  
[2019/10/07 22:02:30 536] tts_local  862  resource path:  fo|/home/kevin/intelligentvoiceordering/demo_tts_offline/bin/msc/res/tts/xiaoyan.jet;fo|/home/kevin/intelligentvoiceordering/demo_tts_offline/bin/msc/res/tts/common.jet  
[2019/10/07 22:02:30 537] tts_local  890  Disperse res  
[2019/10/07 22:02:30 537] tts_local  1597 reinit ret:  0  
[2019/10/07 22:02:30 537] tts_local  1314 app auth  
[2019/10/07 22:02:30 537] auth       621  app  nil  nil  nil  
[2019/10/07 22:02:30 537] auth       678  ath rquest  {"authorize":[{"busin":"aisound","ver":"2.1.1"}]}  
[2019/10/07 22:02:30 537] config     91   select default  
[2019/10/07 22:02:30 537] config     113  use general cloud  
[2019/10/07 22:02:30 537] transport  645  paramkvsport is   nil  
[2019/10/07 22:02:30 537] transport  657  ns_enable=  1  
[2019/10/07 22:02:30 538] transport  659  2017-08--24 is_ns_need_close =   nil  
[2019/10/07 22:02:30 538] transport  665  net.nettype=  unknown  
[2019/10/07 22:02:30 538] transport  675  url.full=  nil  
[2019/10/07 22:02:30 538] transport  680  server_url_host=, server_url_port=, server_url_path=  dev.voicecloud.cn  nil  /msp.do  
[2019/10/07 22:02:30 538] transport  907  net type:  unknown  
[2019/10/07 22:02:30 538] transport  908  net operator:  def  
[2019/10/07 22:02:30 538] transport  909  use proxy:  false  
[2019/10/07 22:02:30 538] auth       733  not login!  
[2019/10/07 22:02:30 538] auth       570  [session] send auth request  
[2019/10/07 22:02:30 538] transport  1105 session.domain=  dev.voicecloud.cn  
[2019/10/07 22:02:30 538] transport  1106 url.host=  dev.voicecloud.cn  
[2019/10/07 22:02:30 538] transport  1083 NAMESERVER START  
[2019/10/07 22:02:30 538] transport  1086 name =   ath  
[2019/10/07 22:02:30 538] ns         634  ntt=  unknown  
[2019/10/07 22:02:30 538] transport  1089 trans,ns_inprog =  0  
[2019/10/07 22:02:30 538] ns         582  name server start  
[2019/10/07 22:02:30 538] ns         588  ns_sub =   ath  
[2019/10/07 22:02:30 538] ns         596  ns_host =   dev.voicecloud.cn  
[2019/10/07 22:02:30 538] ns         475  ns_host=  dev.voicecloud.cn  
[2019/10/07 22:02:30 538] ns         555  net_type =  standard  
[2019/10/07 22:02:30 539] ns         556  cmwapascmnet =  
[2019/10/07 22:02:30 539] ns         557  uniwapasuninet =  
[2019/10/07 22:02:30 539] ns         558  ctwapasctnet =  
[2019/10/07 22:02:30 539] ns         576  host=  hdns.xf-yun.com  
[2019/10/07 22:02:30 539] network    263  gethostbyname  hdns.xf-yun.com  ns1  
[2019/10/07 22:02:30 539] auth       577  0  
[2019/10/07 22:02:30 539] auth       540  lver:  nil  
[2019/10/07 22:02:30 539] auth       545  cfg_ver:  nil  
[2019/10/07 22:02:30 539] transport  1860 transport_obj.send | in  
[2019/10/07 22:02:30 539] transport  1866 self.msg_flag_q  table(a80085b0) 
[2019/10/07 22:02:30 539] transport  1867 self.msg_q  table(a8046360) 
[2019/10/07 22:02:30 539] transport  1799 transport_obj.try2send | in  
[2019/10/07 22:02:30 539] transport  1800 self.soc  nil  
[2019/10/07 22:02:30 539] transport  1801 self.connected  false  
[2019/10/07 22:02:30 539] transport  1802 self.latesterr  0  
[2019/10/07 22:02:30 539] transport  1873 transport_obj.send | out  
[2019/10/07 22:02:30 539] tts_local  1367 forbid_aisound =  0  
[2019/10/07 22:02:30 539] tts_local  1644 set voice name:  xiaoyan  
[2019/10/07 22:02:30 539] tts_local  1646 set default voice name:  xiaoyan  
[2019/10/07 22:02:30 539] tts_local  295  speed increase:  1  
[2019/10/07 22:02:30 539] tts_local  308  rcn:  0  
[2019/10/07 22:02:30 540] tts_local  321  bgs:  0  
[2019/10/07 22:02:30 540] tts_local  647  v5vn  
[2019/10/07 22:02:30 540] tts_local  696  fit:  false  
[2019/10/07 22:02:30 540] tts_local  551  type:  speed  value:  50  weight:  50  double_weight:  100  
[2019/10/07 22:02:30 540] tts_local  551  type:  pitch  value:  50  weight:  50  double_weight:  100  
[2019/10/07 22:02:30 540] tts_local  551  type:  volume  value:  50  weight:  50  double_weight:  100  
[2019/10/07 22:02:30 541] tts_local  580  sample_rate:  528  
[2019/10/07 22:02:30 541] tts_local  593  text_encoding:  65001  
[2019/10/07 22:02:30 541] tts_local  614  rdn:  1  
[2019/10/07 22:02:30 541] tts_local  627  effect:  0  
[2019/10/07 22:02:30 541] tts_local  1738 tts_local.ssb ret:  0  
[2019/10/07 22:02:30 541] tts_local  1888 last gc at  1570456950  
[2019/10/07 22:02:30 541] tts_local  1746 TTS_LOCAL_MSG_TEXT  
[2019/10/07 22:02:30 541] tts_local  1753 base64 =  5Lqy54ix55qE55So5oi377yM5oKo5aW977yM6L+Z5piv5LiA5Liq6K+t6Z+z5ZCI5oiQ56S65L6L77yM5oSf6LCi5oKo5a+556eR5aSn6K6v6aOe6K+t6Z+z5oqA5pyv55qE5pSv5oyB77yB56eR5aSn6K6v6aOe5piv5Lqa5aSq5Zyw5Yy65pyA5aSn55qE6K+t6Z+z5LiK5biC5YWs5Y+477yM6IKh56Wo5Luj56CB77yaMDAyMjMw5Lqy54ix55qE55So5oi377yM5oKo5aW977yM6L+Z5piv5LiA5Liq6K+t6Z+z5ZCI5oiQ56S65L6L77yM5oSf6LCi5oKo5a+556eR5aSn6K6v6aOe6K+t6Z+z5oqA5pyv55qE5pSv5oyB77yB56eR5aSn6K6v6aOe5piv5Lqa5aSq5Zyw5Yy65pyA5aSn55qE6K+t6Z+z5LiK5biC5YWs5Y+477yM6IKh56Wo5Luj56CB77yaMDAyMjMw  
[2019/10/07 22:02:30 542] tts_local  1888 last gc at  1570456950  
[2019/10/07 22:02:30 542] network    245  dns resp  0  ns1  
[2019/10/07 22:02:30 542] ns         422  ns dns ok  42.62.116.18  
[2019/10/07 22:02:30 542] ns         202  iplist not avail  
[2019/10/07 22:02:30 542] ns         429  is_voicecloud_ip=  0  
[2019/10/07 22:02:30 542] ns         436  ip_is_expected=  true  
[2019/10/07 22:02:30 542] ns         444  ip_is_expected=  true  
[2019/10/07 22:02:30 542] network    445  gethttpresp2  42.62.116.18  80  ns2  
[2019/10/07 22:02:30 542] network    465  prot_type  tcp  
[2019/10/07 22:02:30 543] transport  194  [dns] [1] response 42.62.116.34  
[2019/10/07 22:02:30 543] transport  202  42  62  116  34  
[2019/10/07 22:02:30 543] transport  204  ipv =  v4  
[2019/10/07 22:02:30 543] transport  208  dns ip is v4  
[2019/10/07 22:02:30 543] transport  130  iplist not avail  
[2019/10/07 22:02:30 543] transport  247  no iplist now  
[2019/10/07 22:02:30 543] network    95   iptoenv ,  ipcache  dev.voicecloud.cn  def  42.62.116.34  
[2019/10/07 22:02:30 544] transport  291  dns cb start conn  
[2019/10/07 22:02:30 544] transport  1304 [soc] connect   42.62.116.34  1028  
[2019/10/07 22:02:30 544] transport  1316 mspsoc.open,prot_type=  tcp  
[2019/10/07 22:02:30 572] tts_local  954  TTS_LOCAL_CB_OUTPUT  nCode:  528  ,ced:  18  ,nSize:  212  ,data:  udata(a8045d78) 
[2019/10/07 22:02:30 573] tts_local  954  TTS_LOCAL_CB_OUTPUT  nCode:  528  ,ced:  18  ,nSize:  5860  ,data:  udata(a8046288) 
[2019/10/07 22:02:30 573] tts_local  954  TTS_LOCAL_CB_OUTPUT  nCode:  528  ,ced:  18  ,nSize:  7150  ,data:  udata(a8075cd8) 
[2019/10/07 22:02:30 573] tts_local  954  TTS_LOCAL_CB_OUTPUT  nCode:  528  ,ced:  18  ,nSize:  4508  ,data:  udata(a803e638) 
[2019/10/07 22:02:30 573] tts_local  954  TTS_LOCAL_CB_OUTPUT  nCode:  528  ,ced:  18  ,nSize:  11562  ,data:  udata(a803aaf8) 
[2019/10/07 22:02:30 573] tts_local  954  TTS_LOCAL_CB_OUTPUT  nCode:  528  ,ced:  18  ,nSize:  7792  ,data:  udata(a808f0f8) 
[2019/10/07 22:02:30 573] tts_local  954  TTS_LOCAL_CB_OUTPUT  nCode:  528  ,ced:  18  ,nSize:  512  ,data:  udata(a8046b28) 
[2019/10/07 22:02:30 573] tts_local  954  TTS_LOCAL_CB_OUTPUT  nCode:  528  ,ced:  18  ,nSize:  512  ,data:  udata(a803d498) 
[2019/10/07 22:02:30 573] tts_local  954  TTS_LOCAL_CB_OUTPUT  nCode:  528  ,ced:  18  ,nSize:  512  ,data:  udata(a8065a78) 
[2019/10/07 22:02:30 574] tts_local  954  TTS_LOCAL_CB_OUTPUT  nCode:  528  ,ced:  18  ,nSize:  512  ,data:  udata(a8008378) 
[2019/10/07 22:02:30 574] tts_local  954  TTS_LOCAL_CB_OUTPUT  nCode:  528  ,ced:  18  ,nSize:  512  ,data:  udata(a8054ac8) 
[2019/10/07 22:02:30 574] tts_local  954  TTS_LOCAL_CB_OUTPUT  nCode:  528  ,ced:  18  ,nSize:  512  ,data:  udata(a80754d8) 
[2019/10/07 22:02:30 574] tts_local  954  TTS_LOCAL_CB_OUTPUT  nCode:  528  ,ced:  18  ,nSize:  512  ,data:  udata(a8033678) 
[2019/10/07 22:02:30 574] tts_local  954  TTS_LOCAL_CB_OUTPUT  nCode:  528  ,ced:  18  ,nSize:  512  ,data:  udata(a8053728) 
[2019/10/07 22:02:30 574] tts_local  954  TTS_LOCAL_CB_OUTPUT  nCode:  528  ,ced:  18  ,nSize:  512  ,data:  udata(a8049168) 
[2019/10/07 22:02:30 574] tts_local  954  TTS_LOCAL_CB_OUTPUT  nCode:  528  ,ced:  18  ,nSize:  512  ,data:  udata(a8098268) 
[2019/10/07 22:02:30 574] tts_local  954  TTS_LOCAL_CB_OUTPUT  nCode:  528  ,ced:  18  ,nSize:  512  ,data:  udata(a8008cb8) 
[2019/10/07 22:02:30 575] tts_local  954  TTS_LOCAL_CB_OUTPUT  nCode:  528  ,ced:  18  ,nSize:  512  ,data:  udata(a8032f58) 
[2019/10/07 22:02:30 575] tts_local  954  TTS_LOCAL_CB_OUTPUT  nCode:  528  ,ced:  18  ,nSize:  512  ,data:  udata(a80533a8) 
[2019/10/07 22:02:30 575] tts_local  954  TTS_LOCAL_CB_OUTPUT  nCode:  528  ,ced:  18  ,nSize:  512  ,data:  udata(a80511c8) 
[2019/10/07 22:02:30 575] tts_local  954  TTS_LOCAL_CB_OUTPUT  nCode:  528  ,ced:  18  ,nSize:  512  ,data:  udata(a8051278) 
[2019/10/07 22:02:30 575] tts_local  954  TTS_LOCAL_CB_OUTPUT  nCode:  528  ,ced:  18  ,nSize:  512  ,data:  udata(a804d6e8) 
[2019/10/07 22:02:30 575] tts_local  954  TTS_LOCAL_CB_OUTPUT  nCode:  528  ,ced:  18  ,nSize:  512  ,data:  udata(a8050768) 
[2019/10/07 22:02:30 575] tts_local  954  TTS_LOCAL_CB_OUTPUT  nCode:  528  ,ced:  18  ,nSize:  512  ,data:  udata(a80466e8) 
[2019/10/07 22:02:30 575] tts_local  954  TTS_LOCAL_CB_OUTPUT  nCode:  528  ,ced:  18  ,nSize:  160  ,data:  udata(a8046738) 
[2019/10/07 22:02:30 576] tts_local  954  TTS_LOCAL_CB_OUTPUT  nCode:  528  ,ced:  27  ,nSize:  212  ,data:  udata(a804e668) 
[2019/10/07 22:02:30 576] tts_local  954  TTS_LOCAL_CB_OUTPUT  nCode:  528  ,ced:  27  ,nSize:  12024  ,data:  udata(a804eab8) 
[2019/10/07 22:02:30 576] tts_local  954  TTS_LOCAL_CB_OUTPUT  nCode:  528  ,ced:  27  ,nSize:  8642  ,data:  udata(a80300f8) 
[2019/10/07 22:02:30 576] tts_local  954  TTS_LOCAL_CB_OUTPUT  nCode:  528  ,ced:  27  ,nSize:  512  ,data:  udata(a80301a8) 
[2019/10/07 22:02:30 576] tts_local  954  TTS_LOCAL_CB_OUTPUT  nCode:  528  ,ced:  27  ,nSize:  512  ,data:  udata(a8032b18) 
[2019/10/07 22:02:30 576] tts_local  954  TTS_LOCAL_CB_OUTPUT  nCode:  528  ,ced:  27  ,nSize:  512  ,data:  udata(a8050ce8) 
[2019/10/07 22:02:30 576] tts_local  954  TTS_LOCAL_CB_OUTPUT  nCode:  528  ,ced:  27  ,nSize:  512  ,data:  udata(a804f758) 
[2019/10/07 22:02:30 577] tts_local  954  TTS_LOCAL_CB_OUTPUT  nCode:  528  ,ced:  27  ,nSize:  512  ,data:  udata(a8021be8) 
[2019/10/07 22:02:30 577] tts_local  954  TTS_LOCAL_CB_OUTPUT  nCode:  528  ,ced:  27  ,nSize:  512  ,data:  udata(a8021c38) 
[2019/10/07 22:02:30 578] tts_local  954  TTS_LOCAL_CB_OUTPUT  nCode:  528  ,ced:  27  ,nSize:  512  ,data:  udata(a804f868) 
[2019/10/07 22:02:30 578] tts_local  954  TTS_LOCAL_CB_OUTPUT  nCode:  528  ,ced:  27  ,nSize:  512  ,data:  udata(a804e308) 
[2019/10/07 22:02:30 578] tts_local  954  TTS_LOCAL_CB_OUTPUT  nCode:  528  ,ced:  27  ,nSize:  512  ,data:  udata(a8031fc8) 
[2019/10/07 22:02:30 578] tts_local  954  TTS_LOCAL_CB_OUTPUT  nCode:  528  ,ced:  27  ,nSize:  512  ,data:  udata(a8032078) 
[2019/10/07 22:02:30 579] tts_local  954  TTS_LOCAL_CB_OUTPUT  nCode:  528  ,ced:  27  ,nSize:  512  ,data:  udata(a8030698) 
[2019/10/07 22:02:30 579] tts_local  954  TTS_LOCAL_CB_OUTPUT  nCode:  528  ,ced:  27  ,nSize:  512  ,data:  udata(a804e0c8) 
[2019/10/07 22:02:30 579] tts_local  954  TTS_LOCAL_CB_OUTPUT  nCode:  528  ,ced:  27  ,nSize:  512  ,data:  udata(a8034378) 
[2019/10/07 22:02:30 579] tts_local  954  TTS_LOCAL_CB_OUTPUT  nCode:  528  ,ced:  27  ,nSize:  512  ,data:  udata(a804e178) 
[2019/10/07 22:02:30 580] tts_local  954  TTS_LOCAL_CB_OUTPUT  nCode:  528  ,ced:  27  ,nSize:  512  ,data:  udata(a8025008) 
[2019/10/07 22:02:30 580] tts_local  954  TTS_LOCAL_CB_OUTPUT  nCode:  528  ,ced:  27  ,nSize:  512  ,data:  udata(a80251d8) 
[2019/10/07 22:02:30 580] tts_local  954  TTS_LOCAL_CB_OUTPUT  nCode:  528  ,ced:  27  ,nSize:  512  ,data:  udata(a804ef68) 
[2019/10/07 22:02:30 580] tts_local  954  TTS_LOCAL_CB_OUTPUT  nCode:  528  ,ced:  27  ,nSize:  512  ,data:  udata(a8032b68) 
[2019/10/07 22:02:30 580] tts_local  954  TTS_LOCAL_CB_OUTPUT  nCode:  528  ,ced:  27  ,nSize:  160  ,data:  udata(a8052568) 
[2019/10/07 22:02:30 580] tts_local  954  TTS_LOCAL_CB_OUTPUT  nCode:  528  ,ced:  60  ,nSize:  212  ,data:  udata(a80525e8) 
[2019/10/07 22:02:30 580] tts_local  954  TTS_LOCAL_CB_OUTPUT  nCode:  528  ,ced:  60  ,nSize:  3750  ,data:  udata(a804e4d8) 
[2019/10/07 22:02:30 580] tts_local  954  TTS_LOCAL_CB_OUTPUT  nCode:  528  ,ced:  60  ,nSize:  7096  ,data:  udata(a8021ad8) 
[2019/10/07 22:02:30 581] tts_local  954  TTS_LOCAL_CB_OUTPUT  nCode:  528  ,ced:  60  ,nSize:  9312  ,data:  udata(a804cf98) 
[2019/10/07 22:02:30 581] tts_local  954  TTS_LOCAL_CB_OUTPUT  nCode:  528  ,ced:  60  ,nSize:  7258  ,data:  udata(a803ff98) 
[2019/10/07 22:02:30 581] tts_local  954  TTS_LOCAL_CB_OUTPUT  nCode:  528  ,ced:  60  ,nSize:  7154  ,data:  udata(a8033e88) 
[2019/10/07 22:02:30 581] tts_local  954  TTS_LOCAL_CB_OUTPUT  nCode:  528  ,ced:  60  ,nSize:  7014  ,data:  udata(a8052f78) 
[2019/10/07 22:02:30 581] tts_local  954  TTS_LOCAL_CB_OUTPUT  nCode:  528  ,ced:  60  ,nSize:  6488  ,data:  udata(a8053818) 
[2019/10/07 22:02:30 581] tts_local  954  TTS_LOCAL_CB_OUTPUT  nCode:  528  ,ced:  60  ,nSize:  8582  ,data:  udata(a8054c28) 
[2019/10/07 22:02:30 582] tts_local  954  TTS_LOCAL_CB_OUTPUT  nCode:  528  ,ced:  60  ,nSize:  2990  ,data:  udata(a8054cd8) 
[2019/10/07 22:02:30 582] tts_local  954  TTS_LOCAL_CB_OUTPUT  nCode:  528  ,ced:  60  ,nSize:  9700  ,data:  udata(a8096cb8) 
[2019/10/07 22:02:30 582] tts_local  954  TTS_LOCAL_CB_OUTPUT  nCode:  528  ,ced:  60  ,nSize:  512  ,data:  udata(a8033b58) 
[2019/10/07 22:02:30 582] tts_local  954  TTS_LOCAL_CB_OUTPUT  nCode:  528  ,ced:  60  ,nSize:  512  ,data:  udata(a8008838) 
[2019/10/07 22:02:30 582] tts_local  954  TTS_LOCAL_CB_OUTPUT  nCode:  528  ,ced:  60  ,nSize:  512  ,data:  udata(a8033c08) 
[2019/10/07 22:02:30 582] tts_local  954  TTS_LOCAL_CB_OUTPUT  nCode:  528  ,ced:  60  ,nSize:  512  ,data:  udata(a804ba98) 
[2019/10/07 22:02:30 582] tts_local  954  TTS_LOCAL_CB_OUTPUT  nCode:  528  ,ced:  60  ,nSize:  512  ,data:  udata(a804bcf8) 
[2019/10/07 22:02:30 582] tts_local  954  TTS_LOCAL_CB_OUTPUT  nCode:  528  ,ced:  60  ,nSize:  512  ,data:  udata(a8096528) 
[2019/10/07 22:02:30 583] tts_local  954  TTS_LOCAL_CB_OUTPUT  nCode:  528  ,ced:  60  ,nSize:  512  ,data:  udata(a8051488) 
[2019/10/07 22:02:30 583] tts_local  954  TTS_LOCAL_CB_OUTPUT  nCode:  528  ,ced:  60  ,nSize:  512  ,data:  udata(a804df08) 
[2019/10/07 22:02:30 583] tts_local  954  TTS_LOCAL_CB_OUTPUT  nCode:  528  ,ced:  60  ,nSize:  512  ,data:  udata(a8024828) 
[2019/10/07 22:02:30 583] tts_local  954  TTS_LOCAL_CB_OUTPUT  nCode:  528  ,ced:  60  ,nSize:  512  ,data:  udata(a8024a88) 
[2019/10/07 22:02:30 583] tts_local  954  TTS_LOCAL_CB_OUTPUT  nCode:  528  ,ced:  60  ,nSize:  512  ,data:  udata(a8024cb8) 
[2019/10/07 22:02:30 583] tts_local  954  TTS_LOCAL_CB_OUTPUT  nCode:  528  ,ced:  60  ,nSize:  512  ,data:  udata(a8024d68) 
[2019/10/07 22:02:30 583] tts_local  954  TTS_LOCAL_CB_OUTPUT  nCode:  528  ,ced:  60  ,nSize:  512  ,data:  udata(a8065538) 
[2019/10/07 22:02:30 584] tts_local  954  TTS_LOCAL_CB_OUTPUT  nCode:  528  ,ced:  60  ,nSize:  512  ,data:  udata(a80bb808) 
[2019/10/07 22:02:30 584] tts_local  954  TTS_LOCAL_CB_OUTPUT  nCode:  528  ,ced:  60  ,nSize:  512  ,data:  udata(a804d7b8) 
[2019/10/07 22:02:30 584] tts_local  954  TTS_LOCAL_CB_OUTPUT  nCode:  528  ,ced:  60  ,nSize:  512  ,data:  udata(a804d868) 
[2019/10/07 22:02:30 584] tts_local  954  TTS_LOCAL_CB_OUTPUT  nCode:  528  ,ced:  60  ,nSize:  512  ,data:  udata(a80bc2f8) 
[2019/10/07 22:02:30 584] tts_local  954  TTS_LOCAL_CB_OUTPUT  nCode:  528  ,ced:  60  ,nSize:  512  ,data:  udata(a80bc5b8) 
[2019/10/07 22:02:30 584] tts_local  954  TTS_LOCAL_CB_OUTPUT  nCode:  528  ,ced:  60  ,nSize:  160  ,data:  udata(a80bcb38) 
[2019/10/07 22:02:30 584] tts_local  954  TTS_LOCAL_CB_OUTPUT  nCode:  528  ,ced:  108  ,nSize:  212  ,data:  udata(a8040048) 
[2019/10/07 22:02:30 585] tts_local  954  TTS_LOCAL_CB_OUTPUT  nCode:  528  ,ced:  108  ,nSize:  4710  ,data:  udata(a80400f8) 
[2019/10/07 22:02:30 585] tts_local  954  TTS_LOCAL_CB_OUTPUT  nCode:  528  ,ced:  108  ,nSize:  8238  ,data:  udata(a804fca8) 
[2019/10/07 22:02:30 585] tts_local  954  TTS_LOCAL_CB_OUTPUT  nCode:  528  ,ced:  108  ,nSize:  7138  ,data:  udata(a804fd58) 
[2019/10/07 22:02:30 585] tts_local  954  TTS_LOCAL_CB_OUTPUT  nCode:  528  ,ced:  108  ,nSize:  5808  ,data:  udata(a8053a68) 
[2019/10/07 22:02:30 585] tts_local  954  TTS_LOCAL_CB_OUTPUT  nCode:  528  ,ced:  108  ,nSize:  9790  ,data:  udata(a8053b18) 
[2019/10/07 22:02:30 585] tts_local  954  TTS_LOCAL_CB_OUTPUT  nCode:  528  ,ced:  108  ,nSize:  3006  ,data:  udata(a8053c68) 
[2019/10/07 22:02:30 586] tts_local  954  TTS_LOCAL_CB_OUTPUT  nCode:  528  ,ced:  108  ,nSize:  8496  ,data:  udata(a80307b8) 
[2019/10/07 22:02:30 586] tts_local  954  TTS_LOCAL_CB_OUTPUT  nCode:  528  ,ced:  108  ,nSize:  15056  ,data:  udata(a8025058) 
[2019/10/07 22:02:30 586] tts_local  954  TTS_LOCAL_CB_OUTPUT  nCode:  528  ,ced:  108  ,nSize:  2400  ,data:  udata(a8025128) 
[2019/10/07 22:02:30 586] network    350  connected  ns2  
[2019/10/07 22:02:30 586] tts_local  954  TTS_LOCAL_CB_OUTPUT  nCode:  528  ,ced:  108  ,nSize:  7132  ,data:  udata(a808bfa8) 
[2019/10/07 22:02:30 587] tts_local  954  TTS_LOCAL_CB_OUTPUT  nCode:  528  ,ced:  108  ,nSize:  8636  ,data:  udata(a80515f8) 
[2019/10/07 22:02:30 587] tts_local  954  TTS_LOCAL_CB_OUTPUT  nCode:  528  ,ced:  108  ,nSize:  5946  ,data:  udata(a8096498) 
[2019/10/07 22:02:30 587] tts_local  954  TTS_LOCAL_CB_OUTPUT  nCode:  528  ,ced:  108  ,nSize:  2820  ,data:  udata(a804bde8) 
[2019/10/07 22:02:30 587] tts_local  954  TTS_LOCAL_CB_OUTPUT  nCode:  528  ,ced:  108  ,nSize:  7432  ,data:  udata(a80d35d8) 
[2019/10/07 22:02:30 587] tts_local  954  TTS_LOCAL_CB_OUTPUT  nCode:  528  ,ced:  108  ,nSize:  7460  ,data:  udata(a8052a88) 
[2019/10/07 22:02:30 587] tts_local  954  TTS_LOCAL_CB_OUTPUT  nCode:  528  ,ced:  108  ,nSize:  9508  ,data:  udata(a8052b58) 
[2019/10/07 22:02:30 587] tts_local  954  TTS_LOCAL_CB_OUTPUT  nCode:  528  ,ced:  108  ,nSize:  512  ,data:  udata(a80d9c98) 
[2019/10/07 22:02:30 588] tts_local  954  TTS_LOCAL_CB_OUTPUT  nCode:  528  ,ced:  108  ,nSize:  512  ,data:  udata(a80bb4d8) 
[2019/10/07 22:02:30 588] tts_local  954  TTS_LOCAL_CB_OUTPUT  nCode:  528  ,ced:  108  ,nSize:  512  ,data:  udata(a80bb5a8) 
[2019/10/07 22:02:30 588] tts_local  954  TTS_LOCAL_CB_OUTPUT  nCode:  528  ,ced:  108  ,nSize:  512  ,data:  udata(a80bbd58) 
[2019/10/07 22:02:30 588] tts_local  954  TTS_LOCAL_CB_OUTPUT  nCode:  528  ,ced:  108  ,nSize:  512  ,data:  udata(a80bbe08) 
[2019/10/07 22:02:30 588] tts_local  954  TTS_LOCAL_CB_OUTPUT  nCode:  528  ,ced:  108  ,nSize:  512  ,data:  udata(a804e828) 
[2019/10/07 22:02:30 588] tts_local  954  TTS_LOCAL_CB_OUTPUT  nCode:  528  ,ced:  108  ,nSize:  512  ,data:  udata(a804e8f8) 
[2019/10/07 22:02:30 588] tts_local  954  TTS_LOCAL_CB_OUTPUT  nCode:  528  ,ced:  108  ,nSize:  512  ,data:  udata(a8007ed8) 
[2019/10/07 22:02:30 589] tts_local  954  TTS_LOCAL_CB_OUTPUT  nCode:  528  ,ced:  108  ,nSize:  512  ,data:  udata(a80db918) 
[2019/10/07 22:02:30 589] tts_local  954  TTS_LOCAL_CB_OUTPUT  nCode:  528  ,ced:  108  ,nSize:  512  ,data:  udata(a80dbe28) 
[2019/10/07 22:02:30 589] tts_local  954  TTS_LOCAL_CB_OUTPUT  nCode:  528  ,ced:  108  ,nSize:  512  ,data:  udata(a80bc608) 
[2019/10/07 22:02:30 589] tts_local  954  TTS_LOCAL_CB_OUTPUT  nCode:  528  ,ced:  108  ,nSize:  512  ,data:  udata(a80bc6d8) 
[2019/10/07 22:02:30 589] tts_local  954  TTS_LOCAL_CB_OUTPUT  nCode:  528  ,ced:  108  ,nSize:  512  ,data:  udata(a80bcb88) 
[2019/10/07 22:02:30 589] tts_local  954  TTS_LOCAL_CB_OUTPUT  nCode:  528  ,ced:  108  ,nSize:  512  ,data:  udata(a80bcc58) 
[2019/10/07 22:02:30 589] tts_local  954  TTS_LOCAL_CB_OUTPUT  nCode:  528  ,ced:  108  ,nSize:  512  ,data:  udata(a80dd1c8) 
[2019/10/07 22:02:30 590] tts_local  954  TTS_LOCAL_CB_OUTPUT  nCode:  528  ,ced:  108  ,nSize:  512  ,data:  udata(a8053868) 
[2019/10/07 22:02:30 590] tts_local  954  TTS_LOCAL_CB_OUTPUT  nCode:  528  ,ced:  108  ,nSize:  512  ,data:  udata(a8053938) 
[2019/10/07 22:02:30 590] tts_local  954  TTS_LOCAL_CB_OUTPUT  nCode:  528  ,ced:  108  ,nSize:  512  ,data:  udata(a8034258) 
[2019/10/07 22:02:30 590] tts_local  954  TTS_LOCAL_CB_OUTPUT  nCode:  528  ,ced:  108  ,nSize:  512  ,data:  udata(a80c2098) 
[2019/10/07 22:02:30 590] tts_local  954  TTS_LOCAL_CB_OUTPUT  nCode:  528  ,ced:  108  ,nSize:  512  ,data:  udata(a80c2168) 
[2019/10/07 22:02:30 590] tts_local  954  TTS_LOCAL_CB_OUTPUT  nCode:  528  ,ced:  108  ,nSize:  512  ,data:  udata(a80c3878) 
[2019/10/07 22:02:30 590] tts_local  954  TTS_LOCAL_CB_OUTPUT  nCode:  528  ,ced:  108  ,nSize:  512  ,data:  udata(a80c3948) 
[2019/10/07 22:02:30 590] tts_local  954  TTS_LOCAL_CB_OUTPUT  nCode:  528  ,ced:  108  ,nSize:  512  ,data:  udata(a8008888) 
[2019/10/07 22:02:30 591] tts_local  954  TTS_LOCAL_CB_OUTPUT  nCode:  528  ,ced:  108  ,nSize:  512  ,data:  udata(a80df408) 
[2019/10/07 22:02:30 591] tts_local  954  TTS_LOCAL_CB_OUTPUT  nCode:  528  ,ced:  108  ,nSize:  214  ,data:  udata(a80df928) 
[2019/10/07 22:02:30 591] tts_local  954  TTS_LOCAL_CB_OUTPUT  nCode:  528  ,ced:  165  ,nSize:  212  ,data:  udata(a80c6c98) 
[2019/10/07 22:02:30 591] tts_local  954  TTS_LOCAL_CB_OUTPUT  nCode:  528  ,ced:  165  ,nSize:  6148  ,data:  udata(a80c6d48) 
[2019/10/07 22:02:30 591] tts_local  954  TTS_LOCAL_CB_OUTPUT  nCode:  528  ,ced:  165  ,nSize:  3050  ,data:  udata(a8085878) 
[2019/10/07 22:02:30 591] tts_local  954  TTS_LOCAL_CB_OUTPUT  nCode:  528  ,ced:  165  ,nSize:  9554  ,data:  udata(a8052ba8) 
[2019/10/07 22:02:30 592] tts_local  954  TTS_LOCAL_CB_OUTPUT  nCode:  528  ,ced:  165  ,nSize:  6224  ,data:  udata(a8024568) 
[2019/10/07 22:02:30 592] tts_local  954  TTS_LOCAL_CB_OUTPUT  nCode:  528  ,ced:  165  ,nSize:  10160  ,data:  udata(a803d8b8) 
[2019/10/07 22:02:30 592] tts_local  954  TTS_LOCAL_CB_OUTPUT  nCode:  528  ,ced:  165  ,nSize:  12256  ,data:  udata(a80d5588) 
[2019/10/07 22:02:30 592] tts_local  954  TTS_LOCAL_CB_OUTPUT  nCode:  528  ,ced:  165  ,nSize:  4652  ,data:  udata(a80d55d8) 
[2019/10/07 22:02:30 592] network    353  send ok  270  ns2  
[2019/10/07 22:02:30 592] tts_local  954  TTS_LOCAL_CB_OUTPUT  nCode:  528  ,ced:  165  ,nSize:  14794  ,data:  udata(a80d7548) 
[2019/10/07 22:02:30 593] tts_local  954  TTS_LOCAL_CB_OUTPUT  nCode:  528  ,ced:  165  ,nSize:  4800  ,data:  udata(a80d9c18) 
[2019/10/07 22:02:30 593] tts_local  954  TTS_LOCAL_CB_OUTPUT  nCode:  528  ,ced:  165  ,nSize:  3560  ,data:  udata(a80d9f88) 
[2019/10/07 22:02:30 593] tts_local  954  TTS_LOCAL_CB_OUTPUT  nCode:  528  ,ced:  165  ,nSize:  4358  ,data:  udata(a80bbce8) 
[2019/10/07 22:02:30 593] tts_local  954  TTS_LOCAL_CB_OUTPUT  nCode:  528  ,ced:  165  ,nSize:  5368  ,data:  udata(a80da858) 
[2019/10/07 22:02:30 593] tts_local  954  TTS_LOCAL_CB_OUTPUT  nCode:  528  ,ced:  165  ,nSize:  7182  ,data:  udata(a80da928) 
[2019/10/07 22:02:30 594] tts_local  954  TTS_LOCAL_CB_OUTPUT  nCode:  528  ,ced:  165  ,nSize:  11598  ,data:  udata(a8053308) 
[2019/10/07 22:02:30 595] tts_local  954  TTS_LOCAL_CB_OUTPUT  nCode:  528  ,ced:  165  ,nSize:  7678  ,data:  udata(a80db968) 
[2019/10/07 22:02:30 595] tts_local  954  TTS_LOCAL_CB_OUTPUT  nCode:  528  ,ced:  165  ,nSize:  3764  ,data:  udata(a804c898) 
[2019/10/07 22:02:30 596] tts_local  954  TTS_LOCAL_CB_OUTPUT  nCode:  528  ,ced:  165  ,nSize:  9134  ,data:  udata(a8040148) 
[2019/10/07 22:02:30 596] tts_local  954  TTS_LOCAL_CB_OUTPUT  nCode:  528  ,ced:  165  ,nSize:  8162  ,data:  udata(a80bce38) 
[2019/10/07 22:02:30 596] tts_local  954  TTS_LOCAL_CB_OUTPUT  nCode:  528  ,ced:  165  ,nSize:  512  ,data:  udata(a80539e8) 
[2019/10/07 22:02:30 596] tts_local  954  TTS_LOCAL_CB_OUTPUT  nCode:  528  ,ced:  165  ,nSize:  512  ,data:  udata(a8075388) 
[2019/10/07 22:02:30 596] tts_local  954  TTS_LOCAL_CB_OUTPUT  nCode:  528  ,ced:  165  ,nSize:  512  ,data:  udata(a80753d8) 
[2019/10/07 22:02:30 596] tts_local  954  TTS_LOCAL_CB_OUTPUT  nCode:  528  ,ced:  165  ,nSize:  512  ,data:  udata(a80751e8) 
[2019/10/07 22:02:30 596] tts_local  954  TTS_LOCAL_CB_OUTPUT  nCode:  528  ,ced:  165  ,nSize:  512  ,data:  udata(a80df888) 
[2019/10/07 22:02:30 597] tts_local  954  TTS_LOCAL_CB_OUTPUT  nCode:  528  ,ced:  165  ,nSize:  512  ,data:  udata(a80dc2e8) 
[2019/10/07 22:02:30 597] tts_local  954  TTS_LOCAL_CB_OUTPUT  nCode:  528  ,ced:  165  ,nSize:  512  ,data:  udata(a80340c8) 
[2019/10/07 22:02:30 597] tts_local  954  TTS_LOCAL_CB_OUTPUT  nCode:  528  ,ced:  165  ,nSize:  512  ,data:  udata(a80dec68) 
[2019/10/07 22:02:30 597] tts_local  954  TTS_LOCAL_CB_OUTPUT  nCode:  528  ,ced:  165  ,nSize:  512  ,data:  udata(a80dfa58) 
[2019/10/07 22:02:30 597] tts_local  954  TTS_LOCAL_CB_OUTPUT  nCode:  528  ,ced:  165  ,nSize:  512  ,data:  udata(a80de358) 
[2019/10/07 22:02:30 597] tts_local  954  TTS_LOCAL_CB_OUTPUT  nCode:  528  ,ced:  165  ,nSize:  512  ,data:  udata(a80de408) 
[2019/10/07 22:02:30 597] tts_local  954  TTS_LOCAL_CB_OUTPUT  nCode:  528  ,ced:  165  ,nSize:  512  ,data:  udata(a80dd298) 
[2019/10/07 22:02:30 598] tts_local  954  TTS_LOCAL_CB_OUTPUT  nCode:  528  ,ced:  165  ,nSize:  512  ,data:  udata(a80dd348) 
[2019/10/07 22:02:30 598] tts_local  954  TTS_LOCAL_CB_OUTPUT  nCode:  528  ,ced:  165  ,nSize:  512  ,data:  udata(a80db538) 
[2019/10/07 22:02:30 598] tts_local  954  TTS_LOCAL_CB_OUTPUT  nCode:  528  ,ced:  165  ,nSize:  512  ,data:  udata(a80dfdb8) 
[2019/10/07 22:02:30 598] tts_local  954  TTS_LOCAL_CB_OUTPUT  nCode:  528  ,ced:  165  ,nSize:  512  ,data:  udata(a80dfe68) 
[2019/10/07 22:02:30 598] tts_local  954  TTS_LOCAL_CB_OUTPUT  nCode:  528  ,ced:  165  ,nSize:  512  ,data:  udata(a80514d8) 
[2019/10/07 22:02:30 598] tts_local  954  TTS_LOCAL_CB_OUTPUT  nCode:  528  ,ced:  165  ,nSize:  512  ,data:  udata(a8051528) 
[2019/10/07 22:02:30 598] tts_local  954  TTS_LOCAL_CB_OUTPUT  nCode:  528  ,ced:  165  ,nSize:  160  ,data:  udata(a8102668) 
[2019/10/07 22:02:30 599] tts_local  954  TTS_LOCAL_CB_OUTPUT  nCode:  528  ,ced:  204  ,nSize:  212  ,data:  udata(a81027c8) 
[2019/10/07 22:02:30 599] tts_local  954  TTS_LOCAL_CB_OUTPUT  nCode:  528  ,ced:  204  ,nSize:  4614  ,data:  udata(a8074e58) 
[2019/10/07 22:02:30 599] tts_local  954  TTS_LOCAL_CB_OUTPUT  nCode:  528  ,ced:  204  ,nSize:  7646  ,data:  udata(a8074f08) 
[2019/10/07 22:02:30 599] tts_local  954  TTS_LOCAL_CB_OUTPUT  nCode:  528  ,ced:  204  ,nSize:  4938  ,data:  udata(a80daca8) 
[2019/10/07 22:02:30 600] tts_local  954  TTS_LOCAL_CB_OUTPUT  nCode:  528  ,ced:  204  ,nSize:  13772  ,data:  udata(a80dad58) 
[2019/10/07 22:02:30 600] tts_local  954  TTS_LOCAL_CB_OUTPUT  nCode:  528  ,ced:  204  ,nSize:  1920  ,data:  udata(a802f868) 
[2019/10/07 22:02:30 601] tts_local  954  TTS_LOCAL_CB_OUTPUT  nCode:  528  ,ced:  204  ,nSize:  4784  ,data:  udata(a80df3b8) 
[2019/10/07 22:02:30 602] tts_local  954  TTS_LOCAL_CB_OUTPUT  nCode:  528  ,ced:  204  ,nSize:  7688  ,data:  udata(a8050b98) 
[2019/10/07 22:02:30 603] tts_local  954  TTS_LOCAL_CB_OUTPUT  nCode:  528  ,ced:  204  ,nSize:  13748  ,data:  udata(a8049558) 
[2019/10/07 22:02:30 603] tts_local  954  TTS_LOCAL_CB_OUTPUT  nCode:  528  ,ced:  204  ,nSize:  7176  ,data:  udata(a803ab98) 
[2019/10/07 22:02:30 604] transport  473  [soc] [1] connected  
[2019/10/07 22:02:30 604] transport  1799 transport_obj.try2send | in  
[2019/10/07 22:02:30 604] transport  1800 self.soc  udata(a8030c18) 
[2019/10/07 22:02:30 604] transport  1801 self.connected  true  
[2019/10/07 22:02:30 604] transport  1802 self.latesterr  0  
[2019/10/07 22:02:30 604] transport  1819 transport:try2send,#msg_q=  1  
[2019/10/07 22:02:30 604] transport  1359 build http request.  
[2019/10/07 22:02:30 604] transport  1476 POST /msp.do HTTP/1.1
X-Sub: auth
X-Par: ver=MSSP+0%2E9&sub=auth&cmd=rath&key=08QAvvCOCASW0=
Host: dev.voicecloud.cn
CT: multipart/mixed;boundary=--
CL: 359

----
Content-Length:48
Content-Type:text/appinfo
Content-Encoding:gzip

36
xœËN­´560KN24OINL253I2HI205·°L1H2NM5N3  
[2019/10/07 22:02:30 605] transport  1819 transport:try2send,#msg_q=  0  
[2019/10/07 22:02:30 605] tts_local  954  TTS_LOCAL_CB_OUTPUT  nCode:  528  ,ced:  204  ,nSize:  7676  ,data:  udata(a80513c8) 
[2019/10/07 22:02:30 605] transport  482  [soc] [1] send ok  524  
[2019/10/07 22:02:30 605] transport  1799 transport_obj.try2send | in  
[2019/10/07 22:02:30 605] transport  1800 self.soc  udata(a8030c18) 
[2019/10/07 22:02:30 605] transport  1801 self.connected  true  
[2019/10/07 22:02:30 605] transport  1802 self.latesterr  0  
[2019/10/07 22:02:30 605] transport  1819 transport:try2send,#msg_q=  0  
[2019/10/07 22:02:30 606] tts_local  954  TTS_LOCAL_CB_OUTPUT  nCode:  528  ,ced:  204  ,nSize:  7174  ,data:  udata(a8032c68) 
[2019/10/07 22:02:30 606] tts_local  954  TTS_LOCAL_CB_OUTPUT  nCode:  528  ,ced:  204  ,nSize:  4738  ,data:  udata(a80db8c8) 
[2019/10/07 22:02:30 606] tts_local  954  TTS_LOCAL_CB_OUTPUT  nCode:  528  ,ced:  204  ,nSize:  11626  ,data:  udata(a80def58) 
[2019/10/07 22:02:30 607] tts_local  954  TTS_LOCAL_CB_OUTPUT  nCode:  528  ,ced:  204  ,nSize:  7366  ,data:  udata(a80320c8) 
[2019/10/07 22:02:30 607] tts_local  954  TTS_LOCAL_CB_OUTPUT  nCode:  528  ,ced:  204  ,nSize:  512  ,data:  udata(a80088d8) 
[2019/10/07 22:02:30 607] tts_local  954  TTS_LOCAL_CB_OUTPUT  nCode:  528  ,ced:  204  ,nSize:  512  ,data:  udata(a804e3e8) 
[2019/10/07 22:02:30 608] tts_local  954  TTS_LOCAL_CB_OUTPUT  nCode:  528  ,ced:  204  ,nSize:  512  ,data:  udata(a8007f28) 
[2019/10/07 22:02:30 608] tts_local  954  TTS_LOCAL_CB_OUTPUT  nCode:  528  ,ced:  204  ,nSize:  512  ,data:  udata(a804e1c8) 
[2019/10/07 22:02:30 608] tts_local  954  TTS_LOCAL_CB_OUTPUT  nCode:  528  ,ced:  204  ,nSize:  512  ,data:  udata(a80db468) 
[2019/10/07 22:02:30 608] tts_local  954  TTS_LOCAL_CB_OUTPUT  nCode:  528  ,ced:  204  ,nSize:  512  ,data:  udata(a80bbc68) 
[2019/10/07 22:02:30 609] tts_local  954  TTS_LOCAL_CB_OUTPUT  nCode:  528  ,ced:  204  ,nSize:  512  ,data:  udata(a80c6048) 
[2019/10/07 22:02:30 609] tts_local  954  TTS_LOCAL_CB_OUTPUT  nCode:  528  ,ced:  204  ,nSize:  512  ,data:  udata(a80250a8) 
[2019/10/07 22:02:30 609] tts_local  954  TTS_LOCAL_CB_OUTPUT  nCode:  528  ,ced:  204  ,nSize:  512  ,data:  udata(a8031288) 
[2019/10/07 22:02:30 609] tts_local  954  TTS_LOCAL_CB_OUTPUT  nCode:  528  ,ced:  204  ,nSize:  512  ,data:  udata(a806e558) 
[2019/10/07 22:02:30 609] tts_local  954  TTS_LOCAL_CB_OUTPUT  nCode:  528  ,ced:  204  ,nSize:  512  ,data:  udata(a804aa88) 
[2019/10/07 22:02:30 609] tts_local  954  TTS_LOCAL_CB_OUTPUT  nCode:  528  ,ced:  204  ,nSize:  512  ,data:  udata(a804ace8) 
[2019/10/07 22:02:30 609] tts_local  954  TTS_LOCAL_CB_OUTPUT  nCode:  528  ,ced:  204  ,nSize:  512  ,data:  udata(a804af48) 
[2019/10/07 22:02:30 610] tts_local  954  TTS_LOCAL_CB_OUTPUT  nCode:  528  ,ced:  204  ,nSize:  512  ,data:  udata(a8006128) 
[2019/10/07 22:02:30 610] tts_local  954  TTS_LOCAL_CB_OUTPUT  nCode:  528  ,ced:  204  ,nSize:  512  ,data:  udata(a804b418) 
[2019/10/07 22:02:30 610] tts_local  954  TTS_LOCAL_CB_OUTPUT  nCode:  528  ,ced:  204  ,nSize:  512  ,data:  udata(a80d54e8) 
[2019/10/07 22:02:30 610] tts_local  954  TTS_LOCAL_CB_OUTPUT  nCode:  528  ,ced:  204  ,nSize:  512  ,data:  udata(a80d5538) 
[2019/10/07 22:02:30 610] tts_local  954  TTS_LOCAL_CB_OUTPUT  nCode:  528  ,ced:  204  ,nSize:  512  ,data:  udata(a80a4448) 
[2019/10/07 22:02:30 610] tts_local  954  TTS_LOCAL_CB_OUTPUT  nCode:  528  ,ced:  204  ,nSize:  160  ,data:  udata(a8051328) 
[2019/10/07 22:02:30 610] tts_local  954  TTS_LOCAL_CB_OUTPUT  nCode:  528  ,ced:  213  ,nSize:  212  ,data:  udata(a8051378) 
[2019/10/07 22:02:30 610] tts_local  954  TTS_LOCAL_CB_OUTPUT  nCode:  528  ,ced:  213  ,nSize:  12024  ,data:  udata(a8052f28) 
[2019/10/07 22:02:30 611] tts_local  954  TTS_LOCAL_CB_OUTPUT  nCode:  528  ,ced:  213  ,nSize:  8642  ,data:  udata(a80da8a8) 
[2019/10/07 22:02:30 613] tts_local  954  TTS_LOCAL_CB_OUTPUT  nCode:  528  ,ced:  213  ,nSize:  512  ,data:  udata(a80dd218) 
[2019/10/07 22:02:30 613] tts_local  954  TTS_LOCAL_CB_OUTPUT  nCode:  528  ,ced:  213  ,nSize:  512  ,data:  udata(a8032208) 
[2019/10/07 22:02:30 614] tts_local  954  TTS_LOCAL_CB_OUTPUT  nCode:  528  ,ced:  213  ,nSize:  512  ,data:  udata(a8033a38) 
[2019/10/07 22:02:30 614] tts_local  954  TTS_LOCAL_CB_OUTPUT  nCode:  528  ,ced:  213  ,nSize:  512  ,data:  udata(a8033a88) 
[2019/10/07 22:02:30 614] tts_local  954  TTS_LOCAL_CB_OUTPUT  nCode:  528  ,ced:  213  ,nSize:  512  ,data:  udata(a8008d28) 
[2019/10/07 22:02:30 614] tts_local  954  TTS_LOCAL_CB_OUTPUT  nCode:  528  ,ced:  213  ,nSize:  512  ,data:  udata(a8008d78) 
[2019/10/07 22:02:30 615] tts_local  954  TTS_LOCAL_CB_OUTPUT  nCode:  528  ,ced:  213  ,nSize:  512  ,data:  udata(a8008dc8) 
[2019/10/07 22:02:30 615] tts_local  954  TTS_LOCAL_CB_OUTPUT  nCode:  528  ,ced:  213  ,nSize:  512  ,data:  udata(a80dcc28) 
[2019/10/07 22:02:30 615] tts_local  954  TTS_LOCAL_CB_OUTPUT  nCode:  528  ,ced:  213  ,nSize:  512  ,data:  udata(a80dccd8) 
[2019/10/07 22:02:30 615] tts_local  954  TTS_LOCAL_CB_OUTPUT  nCode:  528  ,ced:  213  ,nSize:  512  ,data:  udata(a80a4ba8) 
[2019/10/07 22:02:30 615] tts_local  954  TTS_LOCAL_CB_OUTPUT  nCode:  528  ,ced:  213  ,nSize:  512  ,data:  udata(a80a4e08) 
[2019/10/07 22:02:30 615] tts_local  954  TTS_LOCAL_CB_OUTPUT  nCode:  528  ,ced:  213  ,nSize:  512  ,data:  udata(a80dc6e8) 
[2019/10/07 22:02:30 615] tts_local  954  TTS_LOCAL_CB_OUTPUT  nCode:  528  ,ced:  213  ,nSize:  512  ,data:  udata(a80a52f8) 
[2019/10/07 22:02:30 616] tts_local  954  TTS_LOCAL_CB_OUTPUT  nCode:  528  ,ced:  213  ,nSize:  512  ,data:  udata(a80dc798) 
[2019/10/07 22:02:30 616] tts_local  954  TTS_LOCAL_CB_OUTPUT  nCode:  528  ,ced:  213  ,nSize:  512  ,data:  udata(a8105c98) 
[2019/10/07 22:02:30 616] tts_local  954  TTS_LOCAL_CB_OUTPUT  nCode:  528  ,ced:  213  ,nSize:  512  ,data:  udata(a8105d48) 
[2019/10/07 22:02:30 616] tts_local  954  TTS_LOCAL_CB_OUTPUT  nCode:  528  ,ced:  213  ,nSize:  512  ,data:  udata(a80deb48) 
[2019/10/07 22:02:30 616] tts_local  954  TTS_LOCAL_CB_OUTPUT  nCode:  528  ,ced:  213  ,nSize:  512  ,data:  udata(a80debf8) 
[2019/10/07 22:02:30 616] tts_local  954  TTS_LOCAL_CB_OUTPUT  nCode:  528  ,ced:  213  ,nSize:  160  ,data:  udata(a80db668) 
[2019/10/07 22:02:30 616] tts_local  954  TTS_LOCAL_CB_OUTPUT  nCode:  528  ,ced:  246  ,nSize:  212  ,data:  udata(a80d3628) 
[2019/10/07 22:02:30 617] tts_local  954  TTS_LOCAL_CB_OUTPUT  nCode:  528  ,ced:  246  ,nSize:  3750  ,data:  udata(a80305c8) 
[2019/10/07 22:02:30 617] tts_local  954  TTS_LOCAL_CB_OUTPUT  nCode:  528  ,ced:  246  ,nSize:  7096  ,data:  udata(a8008428) 
[2019/10/07 22:02:30 618] tts_local  954  TTS_LOCAL_CB_OUTPUT  nCode:  528  ,ced:  246  ,nSize:  9312  ,data:  udata(a80084d8) 
[2019/10/07 22:02:30 618] tts_local  954  TTS_LOCAL_CB_OUTPUT  nCode:  528  ,ced:  246  ,nSize:  7258  ,data:  udata(a80a4918) 
[2019/10/07 22:02:30 619] tts_local  954  TTS_LOCAL_CB_OUTPUT  nCode:  528  ,ced:  246  ,nSize:  7154  ,data:  udata(a80a5068) 
[2019/10/07 22:02:30 619] tts_local  954  TTS_LOCAL_CB_OUTPUT  nCode:  528  ,ced:  246  ,nSize:  7014  ,data:  udata(a8050c48) 
[2019/10/07 22:02:30 620] tts_local  954  TTS_LOCAL_CB_OUTPUT  nCode:  528  ,ced:  246  ,nSize:  6488  ,data:  udata(a80467e8) 
[2019/10/07 22:02:30 621] tts_local  954  TTS_LOCAL_CB_OUTPUT  nCode:  528  ,ced:  246  ,nSize:  8582  ,data:  udata(a803a598) 
[2019/10/07 22:02:30 621] tts_local  954  TTS_LOCAL_CB_OUTPUT  nCode:  528  ,ced:  246  ,nSize:  2990  ,data:  udata(a8030e08) 
[2019/10/07 22:02:30 621] tts_local  954  TTS_LOCAL_CB_OUTPUT  nCode:  528  ,ced:  246  ,nSize:  9700  ,data:  udata(a8030f28) 
[2019/10/07 22:02:30 622] tts_local  954  TTS_LOCAL_CB_OUTPUT  nCode:  528  ,ced:  246  ,nSize:  512  ,data:  udata(a80db5e8) 
[2019/10/07 22:02:30 622] tts_local  954  TTS_LOCAL_CB_OUTPUT  nCode:  528  ,ced:  246  ,nSize:  512  ,data:  udata(a80d36d8) 
[2019/10/07 22:02:30 622] tts_local  954  TTS_LOCAL_CB_OUTPUT  nCode:  528  ,ced:  246  ,nSize:  512  ,data:  udata(a803a8d8) 
[2019/10/07 22:02:30 623] tts_local  954  TTS_LOCAL_CB_OUTPUT  nCode:  528  ,ced:  246  ,nSize:  512  ,data:  udata(a8050e88) 
[2019/10/07 22:02:30 623] tts_local  954  TTS_LOCAL_CB_OUTPUT  nCode:  528  ,ced:  246  ,nSize:  512  ,data:  udata(a806e848) 
[2019/10/07 22:02:30 623] tts_local  954  TTS_LOCAL_CB_OUTPUT  nCode:  528  ,ced:  246  ,nSize:  512  ,data:  udata(a80ddd58) 
[2019/10/07 22:02:30 623] tts_local  954  TTS_LOCAL_CB_OUTPUT  nCode:  528  ,ced:  246  ,nSize:  512  ,data:  udata(a804ea08) 
[2019/10/07 22:02:30 624] tts_local  954  TTS_LOCAL_CB_OUTPUT  nCode:  528  ,ced:  246  ,nSize:  512  ,data:  udata(a80df458) 
[2019/10/07 22:02:30 624] tts_local  954  TTS_LOCAL_CB_OUTPUT  nCode:  528  ,ced:  246  ,nSize:  512  ,data:  udata(a80df508) 
[2019/10/07 22:02:30 624] tts_local  954  TTS_LOCAL_CB_OUTPUT  nCode:  528  ,ced:  246  ,nSize:  512  ,data:  udata(a8102878) 
[2019/10/07 22:02:30 624] tts_local  954  TTS_LOCAL_CB_OUTPUT  nCode:  528  ,ced:  246  ,nSize:  512  ,data:  udata(a804cbc8) 
[2019/10/07 22:02:30 624] tts_local  954  TTS_LOCAL_CB_OUTPUT  nCode:  528  ,ced:  246  ,nSize:  512  ,data:  udata(a80a96e8) 
[2019/10/07 22:02:30 625] tts_local  954  TTS_LOCAL_CB_OUTPUT  nCode:  528  ,ced:  246  ,nSize:  512  ,data:  udata(a80df008) 
[2019/10/07 22:02:30 625] tts_local  954  TTS_LOCAL_CB_OUTPUT  nCode:  528  ,ced:  246  ,nSize:  512  ,data:  udata(a80df0b8) 
[2019/10/07 22:02:30 625] tts_local  954  TTS_LOCAL_CB_OUTPUT  nCode:  528  ,ced:  246  ,nSize:  512  ,data:  udata(a80a9e48) 
[2019/10/07 22:02:30 625] tts_local  954  TTS_LOCAL_CB_OUTPUT  nCode:  528  ,ced:  246  ,nSize:  512  ,data:  udata(a80bca28) 
[2019/10/07 22:02:30 625] tts_local  954  TTS_LOCAL_CB_OUTPUT  nCode:  528  ,ced:  246  ,nSize:  512  ,data:  udata(a80519d8) 
[2019/10/07 22:02:30 625] tts_local  954  TTS_LOCAL_CB_OUTPUT  nCode:  528  ,ced:  246  ,nSize:  512  ,data:  udata(a8051a88) 
[2019/10/07 22:02:30 625] tts_local  954  TTS_LOCAL_CB_OUTPUT  nCode:  528  ,ced:  246  ,nSize:  160  ,data:  udata(a804ccd8) 
[2019/10/07 22:02:30 626] network    362  readable  ns2  
[2019/10/07 22:02:30 626] network    366  HTTP/1.1 200 OK
Date: Mon, 07 Oct 2019 14:02:30 GMT
Content-Type: application/json
Content-Length: 311
Connection: keep-alive
Server: iflytek/hdns

{"dns":[{"host":"dev.voicecloud.cn","sip":[{"svc":"ath","ips":[{"ip":"42.62.42.18","port":80,"idc":"dx"},{"ip":"42.62.116.18","port":80,"idc":"dx"}],"ttl":6000,"compel":0}]}],"default":[{"host":"dev.voicecloud.cn","sip":[{"svc":"ath","ips":[{"ip":"42.62.116.18","port":80,"idc":"dx"}],"ttl":6000,"compel":0}]}]}  
[2019/10/07 22:02:30 626] ns         253  name server http resp  0  
[2019/10/07 22:02:30 626] ns         266  ns response OK for this time!  
[2019/10/07 22:02:30 626] ns         277  from_server=  iflytek/hdns  
[2019/10/07 22:02:30 626] ns         360  compel :  0  
[2019/10/07 22:02:30 627] transport  1063 ns_ip =   42.62.42.18  
[2019/10/07 22:02:30 627] transport  1064 ip_type =  assigned_athdev.voicecloud.cn_host  
[2019/10/07 22:02:30 627] ns         670  no data in ns_q  
[2019/10/07 22:02:30 627] ns         671  conti_ns,ns_inprog =   1  
[2019/10/07 22:02:30 628] tts_local  954  TTS_LOCAL_CB_OUTPUT  nCode:  528  ,ced:  294  ,nSize:  212  ,data:  udata(a803da38) 
[2019/10/07 22:02:30 632] tts_local  954  TTS_LOCAL_CB_OUTPUT  nCode:  528  ,ced:  294  ,nSize:  4710  ,data:  udata(a80540b8) 
[2019/10/07 22:02:30 632] tts_local  954  TTS_LOCAL_CB_OUTPUT  nCode:  528  ,ced:  294  ,nSize:  8238  ,data:  udata(a803e438) 
[2019/10/07 22:02:30 633] tts_local  954  TTS_LOCAL_CB_OUTPUT  nCode:  528  ,ced:  294  ,nSize:  7138  ,data:  udata(a80492c8) 
[2019/10/07 22:02:30 634] tts_local  954  TTS_LOCAL_CB_OUTPUT  nCode:  528  ,ced:  294  ,nSize:  5808  ,data:  udata(a8135d28) 
[2019/10/07 22:02:30 634] tts_local  954  TTS_LOCAL_CB_OUTPUT  nCode:  528  ,ced:  294  ,nSize:  9790  ,data:  udata(a812e918) 
[2019/10/07 22:02:30 634] tts_local  954  TTS_LOCAL_CB_OUTPUT  nCode:  528  ,ced:  294  ,nSize:  3006  ,data:  udata(a812ec58) 
[2019/10/07 22:02:30 634] tts_local  954  TTS_LOCAL_CB_OUTPUT  nCode:  528  ,ced:  294  ,nSize:  8496  ,data:  udata(a812eee8) 
[2019/10/07 22:02:30 635] tts_local  954  TTS_LOCAL_CB_OUTPUT  nCode:  528  ,ced:  294  ,nSize:  15056  ,data:  udata(a812f1b8) 
[2019/10/07 22:02:30 639] tts_local  954  TTS_LOCAL_CB_OUTPUT  nCode:  528  ,ced:  294  ,nSize:  2400  ,data:  udata(a8030d88) 
[2019/10/07 22:02:30 642] tts_local  954  TTS_LOCAL_CB_OUTPUT  nCode:  528  ,ced:  294  ,nSize:  7132  ,data:  udata(a81302f8) 
[2019/10/07 22:02:30 643] tts_local  954  TTS_LOCAL_CB_OUTPUT  nCode:  528  ,ced:  294  ,nSize:  8636  ,data:  udata(a8130458) 
[2019/10/07 22:02:30 643] tts_local  954  TTS_LOCAL_CB_OUTPUT  nCode:  528  ,ced:  294  ,nSize:  5946  ,data:  udata(a8130278) 
[2019/10/07 22:02:30 645] tts_local  954  TTS_LOCAL_CB_OUTPUT  nCode:  528  ,ced:  294  ,nSize:  2820  ,data:  udata(a803ff48) 
[2019/10/07 22:02:30 646] tts_local  954  TTS_LOCAL_CB_OUTPUT  nCode:  528  ,ced:  294  ,nSize:  7432  ,data:  udata(a81303a8) 
[2019/10/07 22:02:30 646] tts_local  954  TTS_LOCAL_CB_OUTPUT  nCode:  528  ,ced:  294  ,nSize:  7460  ,data:  udata(a8075f88) 
[2019/10/07 22:02:30 646] tts_local  954  TTS_LOCAL_CB_OUTPUT  nCode:  528  ,ced:  294  ,nSize:  9508  ,data:  udata(a81304d8) 
[2019/10/07 22:02:30 647] tts_local  954  TTS_LOCAL_CB_OUTPUT  nCode:  528  ,ced:  294  ,nSize:  512  ,data:  udata(a812fe68) 
[2019/10/07 22:02:30 647] tts_local  954  TTS_LOCAL_CB_OUTPUT  nCode:  528  ,ced:  294  ,nSize:  512  ,data:  udata(a8130068) 
[2019/10/07 22:02:30 648] tts_local  954  TTS_LOCAL_CB_OUTPUT  nCode:  528  ,ced:  294  ,nSize:  512  ,data:  udata(a8096178) 
[2019/10/07 22:02:30 651] tts_local  954  TTS_LOCAL_CB_OUTPUT  nCode:  528  ,ced:  294  ,nSize:  512  ,data:  udata(a80306e8) 
[2019/10/07 22:02:30 652] tts_local  954  TTS_LOCAL_CB_OUTPUT  nCode:  528  ,ced:  294  ,nSize:  512  ,data:  udata(a812e078) 
[2019/10/07 22:02:30 652] tts_local  954  TTS_LOCAL_CB_OUTPUT  nCode:  528  ,ced:  294  ,nSize:  512  ,data:  udata(a8065c58) 
[2019/10/07 22:02:30 652] tts_local  954  TTS_LOCAL_CB_OUTPUT  nCode:  528  ,ced:  294  ,nSize:  512  ,data:  udata(a80dc3b8) 
[2019/10/07 22:02:30 652] tts_local  954  TTS_LOCAL_CB_OUTPUT  nCode:  528  ,ced:  294  ,nSize:  512  ,data:  udata(a81264b8) 
[2019/10/07 22:02:30 653] tts_local  954  TTS_LOCAL_CB_OUTPUT  nCode:  528  ,ced:  294  ,nSize:  512  ,data:  udata(a804d508) 
[2019/10/07 22:02:30 653] tts_local  954  TTS_LOCAL_CB_OUTPUT  nCode:  528  ,ced:  294  ,nSize:  512  ,data:  udata(a8097f98) 
[2019/10/07 22:02:30 653] tts_local  954  TTS_LOCAL_CB_OUTPUT  nCode:  528  ,ced:  294  ,nSize:  512  ,data:  udata(a8030a48) 
[2019/10/07 22:02:30 653] tts_local  954  TTS_LOCAL_CB_OUTPUT  nCode:  528  ,ced:  294  ,nSize:  512  ,data:  udata(a80664c8) 
[2019/10/07 22:02:30 653] tts_local  954  TTS_LOCAL_CB_OUTPUT  nCode:  528  ,ced:  294  ,nSize:  512  ,data:  udata(a8066518) 
[2019/10/07 22:02:30 653] tts_local  954  TTS_LOCAL_CB_OUTPUT  nCode:  528  ,ced:  294  ,nSize:  512  ,data:  udata(a812f268) 
[2019/10/07 22:02:30 653] tts_local  954  TTS_LOCAL_CB_OUTPUT  nCode:  528  ,ced:  294  ,nSize:  512  ,data:  udata(a812f2b8) 
[2019/10/07 22:02:30 654] tts_local  954  TTS_LOCAL_CB_OUTPUT  nCode:  528  ,ced:  294  ,nSize:  512  ,data:  udata(a804eed8) 
[2019/10/07 22:02:30 654] tts_local  954  TTS_LOCAL_CB_OUTPUT  nCode:  528  ,ced:  294  ,nSize:  512  ,data:  udata(a8032bb8) 
[2019/10/07 22:02:30 654] tts_local  954  TTS_LOCAL_CB_OUTPUT  nCode:  528  ,ced:  294  ,nSize:  512  ,data:  udata(a803a218) 
[2019/10/07 22:02:30 654] tts_local  954  TTS_LOCAL_CB_OUTPUT  nCode:  528  ,ced:  294  ,nSize:  512  ,data:  udata(a80214b8) 
[2019/10/07 22:02:30 654] tts_local  954  TTS_LOCAL_CB_OUTPUT  nCode:  528  ,ced:  294  ,nSize:  512  ,data:  udata(a803d738) 
[2019/10/07 22:02:30 654] tts_local  954  TTS_LOCAL_CB_OUTPUT  nCode:  528  ,ced:  294  ,nSize:  512  ,data:  udata(a8065f68) 
[2019/10/07 22:02:30 654] tts_local  954  TTS_LOCAL_CB_OUTPUT  nCode:  528  ,ced:  294  ,nSize:  512  ,data:  udata(a8066138) 
[2019/10/07 22:02:30 655] tts_local  954  TTS_LOCAL_CB_OUTPUT  nCode:  528  ,ced:  294  ,nSize:  512  ,data:  udata(a8066188) 
[2019/10/07 22:02:30 655] tts_local  954  TTS_LOCAL_CB_OUTPUT  nCode:  528  ,ced:  294  ,nSize:  512  ,data:  udata(a802fb08) 
[2019/10/07 22:02:30 655] tts_local  954  TTS_LOCAL_CB_OUTPUT  nCode:  528  ,ced:  294  ,nSize:  214  ,data:  udata(a80557a8) 
[2019/10/07 22:02:30 655] tts_local  954  TTS_LOCAL_CB_OUTPUT  nCode:  528  ,ced:  351  ,nSize:  212  ,data:  udata(a812f648) 
[2019/10/07 22:02:30 655] transport  494  [soc] [1] readable  
[2019/10/07 22:02:30 655] transport  1767 HTTP/1.1 200 OK
Content-Length: 88
X-Req-Date: 2019/10/07 22:02:30 587
X-Par: ver=MSSP+0%2E9&ret=0&key=09gb2oQsXRZDSV3/SwE5JVMFQNFajZTkFlWvgFTGc0d8pzMTX6RBVnAQ==
CE: gzip
CT: binary/authinfo
CL: 88
Content-Length: 88
X-Res-Date: 2019/10/07 22:02:30 600

80
xœ«VJÌ,Î/ÍKQ²ªV*K-R²R2RÒQJ*-	¤Vd¥Æ§$–¤*Yšš˜[Z˜Xê(¥å%eõ(  
[2019/10/07 22:02:30 655] transport  1494 a_complete_httpmessage  200  
[2019/10/07 22:02:30 655] transport  1604 is_update  true  
[2019/10/07 22:02:30 656] transport  1608 port updated  1028  
[2019/10/07 22:02:30 656] transport  1610 switch  1028  
[2019/10/07 22:02:30 656] auth       389  [trans] [id = table: 0x7f58a8049580;;;=0===;auth] readable  
[2019/10/07 22:02:30 656] network    90   ipfromenv ,  ipcache  dev.voicecloud.cn  def  42.62.116.34  
[2019/10/07 22:02:30 656] transport  981  cached ip is confirmed  
[2019/10/07 22:02:30 656] transport  1332 [soc] disconnect   
[2019/10/07 22:02:30 656] transport  991  transport clean  
[2019/10/07 22:02:30 656] auth       425  auth_json=  udata(a8045bb8) 
[2019/10/07 22:02:30 656] auth       426  tostring(auth_json)=  {"aisound":{"ver":"2","bus":{"expire_date":1570798481,"forbid":"0","nlimit":3}}}  
[2019/10/07 22:02:30 657] auth       82   aisound  app  nil  nil  {"aisound":{"ver":"2","bus":{"expire_date":1570798481,"forbid":"0","nlimit":3}}}  
[2019/10/07 22:02:30 657] auth       161  auth get aisound_res_id  nil  
[2019/10/07 22:02:30 657] auth       446  auth ok!  
[2019/10/07 22:02:30 657] tts_local  954  TTS_LOCAL_CB_OUTPUT  nCode:  528  ,ced:  351  ,nSize:  6148  ,data:  udata(a8080198) 
[2019/10/07 22:02:30 658] tts_local  954  TTS_LOCAL_CB_OUTPUT  nCode:  528  ,ced:  351  ,nSize:  3050  ,data:  udata(a8021ad8) 
[2019/10/07 22:02:30 658] tts_local  954  TTS_LOCAL_CB_OUTPUT  nCode:  528  ,ced:  351  ,nSize:  9554  ,data:  udata(a803ff98) 
[2019/10/07 22:02:30 658] tts_local  954  TTS_LOCAL_CB_OUTPUT  nCode:  528  ,ced:  351  ,nSize:  6224  ,data:  udata(a8030698) 
[2019/10/07 22:02:30 658] tts_local  954  TTS_LOCAL_CB_OUTPUT  nCode:  528  ,ced:  351  ,nSize:  10160  ,data:  udata(a804e4d8) 
[2019/10/07 22:02:30 658] tts_local  954  TTS_LOCAL_CB_OUTPUT  nCode:  528  ,ced:  351  ,nSize:  12256  ,data:  udata(a804f758) 
[2019/10/07 22:02:30 658] tts_local  954  TTS_LOCAL_CB_OUTPUT  nCode:  528  ,ced:  351  ,nSize:  4652  ,data:  udata(a8050768) 
[2019/10/07 22:02:30 658] tts_local  954  TTS_LOCAL_CB_OUTPUT  nCode:  528  ,ced:  351  ,nSize:  14794  ,data:  udata(a8054ac8) 
[2019/10/07 22:02:30 659] tts_local  954  TTS_LOCAL_CB_OUTPUT  nCode:  528  ,ced:  351  ,nSize:  4800  ,data:  udata(a804e668) 
[2019/10/07 22:02:30 659] tts_local  954  TTS_LOCAL_CB_OUTPUT  nCode:  528  ,ced:  351  ,nSize:  3560  ,data:  udata(a8075cd8) 
[2019/10/07 22:02:30 659] tts_local  954  TTS_LOCAL_CB_OUTPUT  nCode:  528  ,ced:  351  ,nSize:  4358  ,data:  udata(a80659e8) 
[2019/10/07 22:02:30 659] tts_local  954  TTS_LOCAL_CB_OUTPUT  nCode:  528  ,ced:  351  ,nSize:  5368  ,data:  udata(a803e638) 
[2019/10/07 22:02:30 660] tts_local  954  TTS_LOCAL_CB_OUTPUT  nCode:  528  ,ced:  351  ,nSize:  7182  ,data:  udata(a80db968) 
[2019/10/07 22:02:30 660] tts_local  954  TTS_LOCAL_CB_OUTPUT  nCode:  528  ,ced:  351  ,nSize:  11598  ,data:  udata(a80b3f48) 
[2019/10/07 22:02:30 661] tts_local  954  TTS_LOCAL_CB_OUTPUT  nCode:  528  ,ced:  351  ,nSize:  7678  ,data:  udata(a803a978) 
[2019/10/07 22:02:30 662] tts_local  954  TTS_LOCAL_CB_OUTPUT  nCode:  528  ,ced:  351  ,nSize:  3764  ,data:  udata(a812f5f8) 
[2019/10/07 22:02:30 663] tts_local  954  TTS_LOCAL_CB_OUTPUT  nCode:  528  ,ced:  351  ,nSize:  9134  ,data:  udata(a804b818) 
[2019/10/07 22:02:30 663] tts_local  954  TTS_LOCAL_CB_OUTPUT  nCode:  528  ,ced:  351  ,nSize:  8162  ,data:  udata(a8053a68) 
[2019/10/07 22:02:30 664] tts_local  954  TTS_LOCAL_CB_OUTPUT  nCode:  528  ,ced:  351  ,nSize:  512  ,data:  udata(a8054c28) 
[2019/10/07 22:02:30 664] tts_local  954  TTS_LOCAL_CB_OUTPUT  nCode:  528  ,ced:  351  ,nSize:  512  ,data:  udata(a8033e88) 
[2019/10/07 22:02:30 664] tts_local  954  TTS_LOCAL_CB_OUTPUT  nCode:  528  ,ced:  351  ,nSize:  512  ,data:  udata(a804d6e8) 
[2019/10/07 22:02:30 664] tts_local  954  TTS_LOCAL_CB_OUTPUT  nCode:  528  ,ced:  351  ,nSize:  512  ,data:  udata(a804f868) 
[2019/10/07 22:02:30 665] tts_local  954  TTS_LOCAL_CB_OUTPUT  nCode:  528  ,ced:  351  ,nSize:  512  ,data:  udata(a8008cb8) 
[2019/10/07 22:02:30 665] tts_local  954  TTS_LOCAL_CB_OUTPUT  nCode:  528  ,ced:  351  ,nSize:  512  ,data:  udata(a8045d78) 
[2019/10/07 22:02:30 665] tts_local  954  TTS_LOCAL_CB_OUTPUT  nCode:  528  ,ced:  351  ,nSize:  512  ,data:  udata(a81469b8) 
[2019/10/07 22:02:30 665] tts_local  954  TTS_LOCAL_CB_OUTPUT  nCode:  528  ,ced:  351  ,nSize:  512  ,data:  udata(a80754d8) 
[2019/10/07 22:02:30 665] tts_local  954  TTS_LOCAL_CB_OUTPUT  nCode:  528  ,ced:  351  ,nSize:  512  ,data:  udata(a8028928) 
[2019/10/07 22:02:30 665] tts_local  954  TTS_LOCAL_CB_OUTPUT  nCode:  528  ,ced:  351  ,nSize:  512  ,data:  udata(a8096cc8) 
[2019/10/07 22:02:30 665] tts_local  954  TTS_LOCAL_CB_OUTPUT  nCode:  528  ,ced:  351  ,nSize:  512  ,data:  udata(a8051278) 
[2019/10/07 22:02:30 666] tts_local  954  TTS_LOCAL_CB_OUTPUT  nCode:  528  ,ced:  351  ,nSize:  512  ,data:  udata(a8065a78) 
[2019/10/07 22:02:30 666] tts_local  954  TTS_LOCAL_CB_OUTPUT  nCode:  528  ,ced:  351  ,nSize:  512  ,data:  udata(a8020da8) 
[2019/10/07 22:02:30 666] tts_local  954  TTS_LOCAL_CB_OUTPUT  nCode:  528  ,ced:  351  ,nSize:  512  ,data:  udata(a8055988) 
[2019/10/07 22:02:30 666] tts_local  954  TTS_LOCAL_CB_OUTPUT  nCode:  528  ,ced:  351  ,nSize:  512  ,data:  udata(a803d088) 
[2019/10/07 22:02:30 666] tts_local  954  TTS_LOCAL_CB_OUTPUT  nCode:  528  ,ced:  351  ,nSize:  512  ,data:  udata(a8008dc8) 
[2019/10/07 22:02:30 666] tts_local  954  TTS_LOCAL_CB_OUTPUT  nCode:  528  ,ced:  351  ,nSize:  512  ,data:  udata(a8054a28) 
[2019/10/07 22:02:30 666] tts_local  954  TTS_LOCAL_CB_OUTPUT  nCode:  528  ,ced:  351  ,nSize:  512  ,data:  udata(a804c198) 
[2019/10/07 22:02:30 666] tts_local  954  TTS_LOCAL_CB_OUTPUT  nCode:  528  ,ced:  351  ,nSize:  160  ,data:  udata(a8008358) 
[2019/10/07 22:02:30 667] tts_local  954  TTS_LOCAL_CB_OUTPUT  nCode:  528  ,ced:  372  ,nSize:  212  ,data:  udata(a80c6d48) 
[2019/10/07 22:02:30 667] tts_local  954  TTS_LOCAL_CB_OUTPUT  nCode:  528  ,ced:  372  ,nSize:  4134  ,data:  udata(a804df78) 
[2019/10/07 22:02:30 667] tts_local  954  TTS_LOCAL_CB_OUTPUT  nCode:  528  ,ced:  372  ,nSize:  8222  ,data:  udata(a8084508) 
[2019/10/07 22:02:30 668] tts_local  954  TTS_LOCAL_CB_OUTPUT  nCode:  528  ,ced:  372  ,nSize:  6866  ,data:  udata(a80316d8) 
[2019/10/07 22:02:30 668] tts_local  954  TTS_LOCAL_CB_OUTPUT  nCode:  528  ,ced:  372  ,nSize:  4476  ,data:  udata(a81466d8) 
[2019/10/07 22:02:30 669] tts_local  954  TTS_LOCAL_CB_OUTPUT  nCode:  528  ,ced:  372  ,nSize:  4456  ,data:  udata(a80511c8) 
[2019/10/07 22:02:30 669] tts_local  954  TTS_LOCAL_CB_OUTPUT  nCode:  528  ,ced:  372  ,nSize:  12856  ,data:  udata(a804e0c8) 
[2019/10/07 22:02:30 670] tts_local  954  TTS_LOCAL_CB_OUTPUT  nCode:  528  ,ced:  372  ,nSize:  3896  ,data:  udata(a8031fc8) 
[2019/10/07 22:02:30 671] tts_local  954  TTS_LOCAL_CB_OUTPUT  nCode:  528  ,ced:  372  ,nSize:  11896  ,data:  udata(a80300f8) 
[2019/10/07 22:02:30 671] tts_local  954  TTS_LOCAL_CB_OUTPUT  nCode:  528  ,ced:  372  ,nSize:  4848  ,data:  udata(a804e8f8) 
[2019/10/07 22:02:30 672] tts_local  954  TTS_LOCAL_CB_OUTPUT  nCode:  528  ,ced:  372  ,nSize:  12430  ,data:  udata(a80963d8) 
[2019/10/07 22:02:30 672] tts_local  941  TTS_LOCAL_CB_END  0  nil  
[2019/10/07 22:02:30 722] tts_local  1795 TTS_LOCAL_MSG_END  0  
[2019/10/07 22:02:30 722] tts_local  1199 plog_process  {"stime":"2019/10/07 22:02:30 519","u_frs":83,"csid":"ctts1PdHHBHjs7-9UfvZaad+j1-y1KsWT5","hints":"Normal","u_lrs":202,"dur":203,"ret":0,"u_txt":3}  nil  
[2019/10/07 22:02:30 723] tts_local  1888 last gc at  1570456950  
[2019/10/07 22:02:31 456] tts_local  1853 SYS_MSG_SHUTDOWN_LOCAL  
[2019/10/07 22:02:31 457] tts_local  1888 last gc at  1570456950  
