============================================================
Time  2019/09/06 17:16:10 770 
============================================================
[2019/09/06 17:16:10 770] isr        1659 isr loaded!  
[2019/09/06 17:16:10 770] isr        1642 SYS_MSG_REGCB param0 =   msp_status_cb  param1 =   func(c802f960) 
[2019/09/06 17:16:10 770] isr        1537 ASR_MSG_SSB  
[2019/09/06 17:16:10 771] isr        1066 session_begin() [in], params:   sub = iat, domain = iat, language = zh_cn, accent = mandarin, sample_rate = 16000, result_type = plain, result_encoding = utf8  nil  
[2019/09/06 17:16:10 771] isr        927  vad_set [in]  
[2019/09/06 17:16:10 771] isr        962  vad_enable :  true  
[2019/09/06 17:16:10 771] isr        980  vad_bos :  10000  
[2019/09/06 17:16:10 771] isr        981  vad_eos :  2000  
[2019/09/06 17:16:10 771] isr        886  enable_vad [in]  
[2019/09/06 17:16:10 772] isr        918  vad enabled!  2000  10000  
[2019/09/06 17:16:10 772] isr        921  enable_vad [out]  
[2019/09/06 17:16:10 772] isr        987  vad_set [out] | ret =  0  
[2019/09/06 17:16:10 772] isr        1187 cur_engine_type =   cloud  
[2019/09/06 17:16:10 772] isr        1001 cloud_session_begin  
[2019/09/06 17:16:10 773] isr        1013 unknown  
[2019/09/06 17:16:10 777] isr        1547 ASR_MSG_AUW,   cloud  
[2019/09/06 17:16:10 777] isr        1559 6400  1  
[2019/09/06 17:16:10 777] isr        1569 once_bytes:   6400  
[2019/09/06 17:16:10 781] isr        851  [aud] speech start  
[2019/09/06 17:16:10 781] isr        798  1  msc  
[2019/09/06 17:16:10 977] isr        1547 ASR_MSG_AUW,   cloud  
[2019/09/06 17:16:10 977] isr        1559 6400  2  
[2019/09/06 17:16:11 031] isr        700  cloud_status_cb, eps:  1  
[2019/09/06 17:16:11 031] isr        798  1  cloud  
[2019/09/06 17:16:11 032] isr        813  cloud eps ignored  
[2019/09/06 17:16:11 178] isr        1547 ASR_MSG_AUW,   cloud  
[2019/09/06 17:16:11 178] isr        1559 6400  2  
[2019/09/06 17:16:11 379] isr        1547 ASR_MSG_AUW,   cloud  
[2019/09/06 17:16:11 379] isr        1559 6400  2  
[2019/09/06 17:16:11 579] isr        1547 ASR_MSG_AUW,   cloud  
[2019/09/06 17:16:11 580] isr        1559 6400  2  
[2019/09/06 17:16:11 780] isr        1547 ASR_MSG_AUW,   cloud  
[2019/09/06 17:16:11 780] isr        1559 6400  2  
[2019/09/06 17:16:11 981] isr        1547 ASR_MSG_AUW,   cloud  
[2019/09/06 17:16:11 981] isr        1559 6400  2  
[2019/09/06 17:16:12 181] isr        1547 ASR_MSG_AUW,   cloud  
[2019/09/06 17:16:12 181] isr        1559 6400  2  
[2019/09/06 17:16:12 382] isr        1547 ASR_MSG_AUW,   cloud  
[2019/09/06 17:16:12 382] isr        1559 6400  2  
[2019/09/06 17:16:12 583] isr        1547 ASR_MSG_AUW,   cloud  
[2019/09/06 17:16:12 583] isr        1559 6400  2  
[2019/09/06 17:16:12 783] isr        1547 ASR_MSG_AUW,   cloud  
[2019/09/06 17:16:12 783] isr        1559 6400  2  
[2019/09/06 17:16:12 984] isr        1547 ASR_MSG_AUW,   cloud  
[2019/09/06 17:16:12 984] isr        1559 6400  2  
[2019/09/06 17:16:13 184] isr        1547 ASR_MSG_AUW,   cloud  
[2019/09/06 17:16:13 185] isr        1559 6400  2  
[2019/09/06 17:16:13 385] isr        1547 ASR_MSG_AUW,   cloud  
[2019/09/06 17:16:13 385] isr        1559 6400  2  
[2019/09/06 17:16:13 586] isr        1547 ASR_MSG_AUW,   cloud  
[2019/09/06 17:16:13 586] isr        1559 6400  2  
[2019/09/06 17:16:13 786] isr        1547 ASR_MSG_AUW,   cloud  
[2019/09/06 17:16:13 786] isr        1559 6400  2  
[2019/09/06 17:16:13 987] isr        1547 ASR_MSG_AUW,   cloud  
[2019/09/06 17:16:13 987] isr        1559 6400  2  
[2019/09/06 17:16:14 187] isr        1547 ASR_MSG_AUW,   cloud  
[2019/09/06 17:16:14 187] isr        1559 6400  2  
[2019/09/06 17:16:14 388] isr        1547 ASR_MSG_AUW,   cloud  
[2019/09/06 17:16:14 388] isr        1559 6400  2  
[2019/09/06 17:16:14 589] isr        1547 ASR_MSG_AUW,   cloud  
[2019/09/06 17:16:14 589] isr        1559 6400  2  
[2019/09/06 17:16:14 789] isr        1547 ASR_MSG_AUW,   cloud  
[2019/09/06 17:16:14 789] isr        1559 6400  2  
[2019/09/06 17:16:14 990] isr        1547 ASR_MSG_AUW,   cloud  
[2019/09/06 17:16:14 990] isr        1559 6400  2  
[2019/09/06 17:16:15 051] isr        662  cloud_rslt_cb status =   0  
[2019/09/06 17:16:15 051] isr        641  process_result call:  cloud  udata(c8038ab8) 0  nil  
[2019/09/06 17:16:15 191] isr        1547 ASR_MSG_AUW,   cloud  
[2019/09/06 17:16:15 191] isr        1559 7420  2  
[2019/09/06 17:16:15 391] isr        1547 ASR_MSG_AUW,   cloud  
[2019/09/06 17:16:15 391] isr        1559 0  4  
[2019/09/06 17:16:15 391] isr        1592 aud end, USER  
[2019/09/06 17:16:15 392] isr        1636 ASR_MSG_GRSLT,   cloud  
[2019/09/06 17:16:15 392] isr        1335 0  udata(c8038ab8) 0  
[2019/09/06 17:16:15 394] isr        854  [aud] speech end  
[2019/09/06 17:16:15 395] isr        798  3  msc  
[2019/09/06 17:16:15 453] isr        700  cloud_status_cb, eps:  3  
[2019/09/06 17:16:15 454] isr        798  3  cloud  
[2019/09/06 17:16:15 454] isr        800  already speech end  
[2019/09/06 17:16:15 457] isr        662  cloud_rslt_cb status =   5  
[2019/09/06 17:16:15 457] isr        641  process_result call:  cloud  udata(c8034168) 5  nil  
[2019/09/06 17:16:15 457] isr        798  3  msc  
[2019/09/06 17:16:15 457] isr        800  already speech end  
[2019/09/06 17:16:15 544] isr        1636 ASR_MSG_GRSLT,   cloud  
[2019/09/06 17:16:15 544] isr        1335 0  udata(c8034168) 5  
[2019/09/06 17:16:15 695] isr        1639 ASR_MSG_SSE,   cloud  
[2019/09/06 17:16:15 695] isr        1356 session_end() [in]  
[2019/09/06 17:16:15 695] isr        1421 cloud_session_end() [in]  
[2019/09/06 17:16:15 697] isr        1488 ns_host=  open.xf-yun.com  
[2019/09/06 17:16:15 698] isr        1498 tick()mod=  18880043  
[2019/09/06 17:16:15 698] isr        1499 tick()=  18880044  
[2019/09/06 17:16:15 698] isr        1501 diff=  4812  
[2019/09/06 17:16:15 698] isr        1514 cloud_session_end() [out]  
[2019/09/06 17:16:15 699] isr        1667 isr unload!  
============================================================
Time  2019/09/06 18:23:42 154 
============================================================
[2019/09/06 18:23:42 154] isr        1659 isr loaded!  
[2019/09/06 18:23:42 154] isr        1642 SYS_MSG_REGCB param0 =   msp_status_cb  param1 =   func(f802f960) 
[2019/09/06 18:23:42 155] isr        1537 ASR_MSG_SSB  
[2019/09/06 18:23:42 155] isr        1066 session_begin() [in], params:   sub = iat, domain = iat, language = zh_cn, accent = mandarin, sample_rate = 16000, result_type = plain, result_encoding = utf8  nil  
[2019/09/06 18:23:42 155] isr        927  vad_set [in]  
[2019/09/06 18:23:42 155] isr        962  vad_enable :  true  
[2019/09/06 18:23:42 155] isr        980  vad_bos :  10000  
[2019/09/06 18:23:42 155] isr        981  vad_eos :  2000  
[2019/09/06 18:23:42 155] isr        886  enable_vad [in]  
[2019/09/06 18:23:42 156] isr        918  vad enabled!  2000  10000  
[2019/09/06 18:23:42 156] isr        921  enable_vad [out]  
[2019/09/06 18:23:42 156] isr        987  vad_set [out] | ret =  0  
[2019/09/06 18:23:42 156] isr        1187 cur_engine_type =   cloud  
[2019/09/06 18:23:42 157] isr        1001 cloud_session_begin  
[2019/09/06 18:23:42 157] isr        1013 unknown  
[2019/09/06 18:23:42 253] isr        1547 ASR_MSG_AUW,   cloud  
[2019/09/06 18:23:42 254] isr        1559 3200  1  
[2019/09/06 18:23:42 255] isr        1569 once_bytes:   3200  
[2019/09/06 18:23:42 257] isr        1547 ASR_MSG_AUW,   cloud  
[2019/09/06 18:23:42 259] isr        1559 3200  2  
[2019/09/06 18:23:42 261] isr        1547 ASR_MSG_AUW,   cloud  
[2019/09/06 18:23:42 261] isr        1559 3200  2  
[2019/09/06 18:23:42 264] isr        1547 ASR_MSG_AUW,   cloud  
[2019/09/06 18:23:42 264] isr        1559 3200  2  
[2019/09/06 18:23:42 268] isr        851  [aud] speech start  
[2019/09/06 18:23:42 268] isr        798  1  msc  
[2019/09/06 18:23:42 315] isr        1547 ASR_MSG_AUW,   cloud  
[2019/09/06 18:23:42 316] isr        1559 3200  2  
[2019/09/06 18:23:42 323] isr        700  cloud_status_cb, eps:  1  
[2019/09/06 18:23:42 323] isr        798  1  cloud  
[2019/09/06 18:23:42 323] isr        813  cloud eps ignored  
[2019/09/06 18:23:42 475] isr        1547 ASR_MSG_AUW,   cloud  
[2019/09/06 18:23:42 475] isr        1559 3200  2  
[2019/09/06 18:23:42 476] isr        1547 ASR_MSG_AUW,   cloud  
[2019/09/06 18:23:42 476] isr        1559 3200  2  
[2019/09/06 18:23:42 638] isr        1547 ASR_MSG_AUW,   cloud  
[2019/09/06 18:23:42 638] isr        1559 3200  2  
[2019/09/06 18:23:42 639] isr        1547 ASR_MSG_AUW,   cloud  
[2019/09/06 18:23:42 639] isr        1559 3200  2  
[2019/09/06 18:23:42 796] isr        1547 ASR_MSG_AUW,   cloud  
[2019/09/06 18:23:42 796] isr        1559 3200  2  
[2019/09/06 18:23:42 959] isr        1547 ASR_MSG_AUW,   cloud  
[2019/09/06 18:23:42 959] isr        1559 3200  2  
[2019/09/06 18:23:42 960] isr        1547 ASR_MSG_AUW,   cloud  
[2019/09/06 18:23:42 960] isr        1559 3200  2  
[2019/09/06 18:23:43 122] isr        1547 ASR_MSG_AUW,   cloud  
[2019/09/06 18:23:43 122] isr        1559 3200  2  
[2019/09/06 18:23:43 204] isr        1547 ASR_MSG_AUW,   cloud  
[2019/09/06 18:23:43 204] isr        1559 3200  2  
[2019/09/06 18:23:43 368] isr        1547 ASR_MSG_AUW,   cloud  
[2019/09/06 18:23:43 369] isr        1559 3200  2  
[2019/09/06 18:23:43 369] isr        1547 ASR_MSG_AUW,   cloud  
[2019/09/06 18:23:43 370] isr        1559 3200  2  
[2019/09/06 18:23:43 518] isr        1547 ASR_MSG_AUW,   cloud  
[2019/09/06 18:23:43 518] isr        1559 3200  2  
[2019/09/06 18:23:43 681] isr        1547 ASR_MSG_AUW,   cloud  
[2019/09/06 18:23:43 681] isr        1559 3200  2  
[2019/09/06 18:23:43 682] isr        1547 ASR_MSG_AUW,   cloud  
[2019/09/06 18:23:43 682] isr        1559 3200  2  
[2019/09/06 18:23:43 845] isr        1547 ASR_MSG_AUW,   cloud  
[2019/09/06 18:23:43 845] isr        1559 3200  2  
[2019/09/06 18:23:43 846] isr        1547 ASR_MSG_AUW,   cloud  
[2019/09/06 18:23:43 846] isr        1559 3200  2  
[2019/09/06 18:23:44 008] isr        1547 ASR_MSG_AUW,   cloud  
[2019/09/06 18:23:44 009] isr        1559 3200  2  
[2019/09/06 18:23:44 171] isr        1547 ASR_MSG_AUW,   cloud  
[2019/09/06 18:23:44 172] isr        1559 3200  2  
[2019/09/06 18:23:44 172] isr        1547 ASR_MSG_AUW,   cloud  
[2019/09/06 18:23:44 173] isr        1559 3200  2  
[2019/09/06 18:23:44 334] isr        1547 ASR_MSG_AUW,   cloud  
[2019/09/06 18:23:44 335] isr        1559 3200  2  
[2019/09/06 18:23:44 335] isr        1547 ASR_MSG_AUW,   cloud  
[2019/09/06 18:23:44 336] isr        1559 3200  2  
[2019/09/06 18:23:44 498] isr        1547 ASR_MSG_AUW,   cloud  
[2019/09/06 18:23:44 498] isr        1559 3200  2  
[2019/09/06 18:23:44 579] isr        1547 ASR_MSG_AUW,   cloud  
[2019/09/06 18:23:44 579] isr        1559 3200  2  
[2019/09/06 18:23:44 718] isr        1547 ASR_MSG_AUW,   cloud  
[2019/09/06 18:23:44 718] isr        1559 3200  2  
[2019/09/06 18:23:44 880] isr        1547 ASR_MSG_AUW,   cloud  
[2019/09/06 18:23:44 881] isr        1559 3200  2  
[2019/09/06 18:23:44 882] isr        1547 ASR_MSG_AUW,   cloud  
[2019/09/06 18:23:44 882] isr        1559 3200  2  
[2019/09/06 18:23:45 044] isr        1547 ASR_MSG_AUW,   cloud  
[2019/09/06 18:23:45 045] isr        1559 3200  2  
[2019/09/06 18:23:45 045] isr        1547 ASR_MSG_AUW,   cloud  
[2019/09/06 18:23:45 046] isr        1559 3200  2  
[2019/09/06 18:23:45 208] isr        1547 ASR_MSG_AUW,   cloud  
[2019/09/06 18:23:45 208] isr        1559 3200  2  
[2019/09/06 18:23:45 372] isr        1547 ASR_MSG_AUW,   cloud  
[2019/09/06 18:23:45 372] isr        1559 3200  2  
[2019/09/06 18:23:45 373] isr        1547 ASR_MSG_AUW,   cloud  
[2019/09/06 18:23:45 373] isr        1559 3200  2  
[2019/09/06 18:23:45 535] isr        1547 ASR_MSG_AUW,   cloud  
[2019/09/06 18:23:45 535] isr        1559 3200  2  
[2019/09/06 18:23:45 698] isr        1547 ASR_MSG_AUW,   cloud  
[2019/09/06 18:23:45 699] isr        1559 3200  2  
[2019/09/06 18:23:45 699] isr        1547 ASR_MSG_AUW,   cloud  
[2019/09/06 18:23:45 700] isr        1559 3200  2  
[2019/09/06 18:23:45 862] isr        1547 ASR_MSG_AUW,   cloud  
[2019/09/06 18:23:45 863] isr        1559 3200  2  
[2019/09/06 18:23:45 863] isr        1547 ASR_MSG_AUW,   cloud  
[2019/09/06 18:23:45 863] isr        1559 3200  2  
[2019/09/06 18:23:45 944] isr        1547 ASR_MSG_AUW,   cloud  
[2019/09/06 18:23:45 944] isr        1559 3200  2  
[2019/09/06 18:23:46 107] isr        1547 ASR_MSG_AUW,   cloud  
[2019/09/06 18:23:46 107] isr        1559 3200  2  
[2019/09/06 18:23:46 271] isr        1547 ASR_MSG_AUW,   cloud  
[2019/09/06 18:23:46 271] isr        1559 3200  2  
[2019/09/06 18:23:46 272] isr        1547 ASR_MSG_AUW,   cloud  
[2019/09/06 18:23:46 272] isr        1559 3200  2  
[2019/09/06 18:23:46 434] isr        1547 ASR_MSG_AUW,   cloud  
[2019/09/06 18:23:46 435] isr        1559 3200  2  
[2019/09/06 18:23:46 435] isr        1547 ASR_MSG_AUW,   cloud  
[2019/09/06 18:23:46 435] isr        1559 3200  2  
[2019/09/06 18:23:46 598] isr        1547 ASR_MSG_AUW,   cloud  
[2019/09/06 18:23:46 598] isr        1559 3200  2  
[2019/09/06 18:23:46 762] isr        1547 ASR_MSG_AUW,   cloud  
[2019/09/06 18:23:46 762] isr        1559 3200  2  
[2019/09/06 18:23:46 763] isr        1547 ASR_MSG_AUW,   cloud  
[2019/09/06 18:23:46 763] isr        1559 3200  2  
[2019/09/06 18:23:46 926] isr        1547 ASR_MSG_AUW,   cloud  
[2019/09/06 18:23:46 926] isr        1559 3200  2  
[2019/09/06 18:23:47 089] isr        1547 ASR_MSG_AUW,   cloud  
[2019/09/06 18:23:47 090] isr        1559 3200  2  
[2019/09/06 18:23:47 090] isr        1547 ASR_MSG_AUW,   cloud  
[2019/09/06 18:23:47 090] isr        1559 3200  2  
[2019/09/06 18:23:47 253] isr        1547 ASR_MSG_AUW,   cloud  
[2019/09/06 18:23:47 253] isr        1559 3200  2  
[2019/09/06 18:23:47 254] isr        1547 ASR_MSG_AUW,   cloud  
[2019/09/06 18:23:47 254] isr        1559 3200  2  
[2019/09/06 18:23:47 416] isr        1547 ASR_MSG_AUW,   cloud  
[2019/09/06 18:23:47 416] isr        1559 3200  2  
[2019/09/06 18:23:47 580] isr        1547 ASR_MSG_AUW,   cloud  
[2019/09/06 18:23:47 580] isr        1559 3200  2  
[2019/09/06 18:23:47 581] isr        1547 ASR_MSG_AUW,   cloud  
[2019/09/06 18:23:47 581] isr        1559 3200  2  
[2019/09/06 18:23:47 719] isr        1547 ASR_MSG_AUW,   cloud  
[2019/09/06 18:23:47 719] isr        1559 3200  2  
[2019/09/06 18:23:47 801] isr        1547 ASR_MSG_AUW,   cloud  
[2019/09/06 18:23:47 801] isr        1559 3200  2  
[2019/09/06 18:23:47 965] isr        1547 ASR_MSG_AUW,   cloud  
[2019/09/06 18:23:47 965] isr        1559 3200  2  
[2019/09/06 18:23:47 965] isr        1547 ASR_MSG_AUW,   cloud  
[2019/09/06 18:23:47 966] isr        1559 3200  2  
[2019/09/06 18:23:48 128] isr        1547 ASR_MSG_AUW,   cloud  
[2019/09/06 18:23:48 128] isr        1559 3200  2  
[2019/09/06 18:23:48 291] isr        1547 ASR_MSG_AUW,   cloud  
[2019/09/06 18:23:48 291] isr        1559 3200  2  
[2019/09/06 18:23:48 292] isr        1547 ASR_MSG_AUW,   cloud  
[2019/09/06 18:23:48 292] isr        1559 3200  2  
[2019/09/06 18:23:48 455] isr        1547 ASR_MSG_AUW,   cloud  
[2019/09/06 18:23:48 455] isr        1559 3200  2  
[2019/09/06 18:23:48 455] isr        1547 ASR_MSG_AUW,   cloud  
[2019/09/06 18:23:48 456] isr        1559 3200  2  
[2019/09/06 18:23:48 618] isr        1547 ASR_MSG_AUW,   cloud  
[2019/09/06 18:23:48 618] isr        1559 3200  2  
[2019/09/06 18:23:48 781] isr        1547 ASR_MSG_AUW,   cloud  
[2019/09/06 18:23:48 781] isr        1559 3200  2  
[2019/09/06 18:23:48 782] isr        1547 ASR_MSG_AUW,   cloud  
[2019/09/06 18:23:48 782] isr        1559 3200  2  
[2019/09/06 18:23:48 944] isr        1547 ASR_MSG_AUW,   cloud  
[2019/09/06 18:23:48 944] isr        1559 3200  2  
[2019/09/06 18:23:48 945] isr        1547 ASR_MSG_AUW,   cloud  
[2019/09/06 18:23:48 945] isr        1559 3200  2  
[2019/09/06 18:23:49 107] isr        1547 ASR_MSG_AUW,   cloud  
[2019/09/06 18:23:49 107] isr        1559 3200  2  
[2019/09/06 18:23:49 270] isr        1547 ASR_MSG_AUW,   cloud  
[2019/09/06 18:23:49 270] isr        1559 3200  2  
[2019/09/06 18:23:49 271] isr        1547 ASR_MSG_AUW,   cloud  
[2019/09/06 18:23:49 271] isr        1559 3200  2  
[2019/09/06 18:23:49 351] isr        1547 ASR_MSG_AUW,   cloud  
[2019/09/06 18:23:49 351] isr        1559 3200  2  
[2019/09/06 18:23:49 515] isr        1547 ASR_MSG_AUW,   cloud  
[2019/09/06 18:23:49 515] isr        1559 3200  2  
[2019/09/06 18:23:49 679] isr        1547 ASR_MSG_AUW,   cloud  
[2019/09/06 18:23:49 679] isr        1559 3200  2  
[2019/09/06 18:23:49 680] isr        1547 ASR_MSG_AUW,   cloud  
[2019/09/06 18:23:49 680] isr        1559 3200  2  
[2019/09/06 18:23:49 843] isr        1547 ASR_MSG_AUW,   cloud  
[2019/09/06 18:23:49 843] isr        1559 3200  2  
[2019/09/06 18:23:49 844] isr        1547 ASR_MSG_AUW,   cloud  
[2019/09/06 18:23:49 844] isr        1559 3200  2  
[2019/09/06 18:23:50 006] isr        1547 ASR_MSG_AUW,   cloud  
[2019/09/06 18:23:50 006] isr        1559 3200  2  
[2019/09/06 18:23:50 170] isr        1547 ASR_MSG_AUW,   cloud  
[2019/09/06 18:23:50 171] isr        1559 3200  2  
[2019/09/06 18:23:50 171] isr        1547 ASR_MSG_AUW,   cloud  
[2019/09/06 18:23:50 172] isr        1559 3200  2  
[2019/09/06 18:23:50 334] isr        1547 ASR_MSG_AUW,   cloud  
[2019/09/06 18:23:50 335] isr        1559 3200  2  
[2019/09/06 18:23:50 335] isr        1547 ASR_MSG_AUW,   cloud  
[2019/09/06 18:23:50 335] isr        1559 3200  2  
[2019/09/06 18:23:50 497] isr        1547 ASR_MSG_AUW,   cloud  
[2019/09/06 18:23:50 497] isr        1559 3200  2  
[2019/09/06 18:23:50 660] isr        1547 ASR_MSG_AUW,   cloud  
[2019/09/06 18:23:50 661] isr        1559 3200  2  
[2019/09/06 18:23:50 661] isr        1547 ASR_MSG_AUW,   cloud  
[2019/09/06 18:23:50 661] isr        1559 3200  2  
[2019/09/06 18:23:50 802] isr        1547 ASR_MSG_AUW,   cloud  
[2019/09/06 18:23:50 802] isr        1559 3200  2  
[2019/09/06 18:23:50 966] isr        1547 ASR_MSG_AUW,   cloud  
[2019/09/06 18:23:50 966] isr        1559 3200  2  
[2019/09/06 18:23:51 047] isr        1547 ASR_MSG_AUW,   cloud  
[2019/09/06 18:23:51 048] isr        1559 3200  2  
[2019/09/06 18:23:51 049] isr        1547 ASR_MSG_AUW,   cloud  
[2019/09/06 18:23:51 049] isr        1559 3200  2  
[2019/09/06 18:23:51 211] isr        1547 ASR_MSG_AUW,   cloud  
[2019/09/06 18:23:51 211] isr        1559 3200  2  
[2019/09/06 18:23:51 374] isr        1547 ASR_MSG_AUW,   cloud  
[2019/09/06 18:23:51 374] isr        1559 3200  2  
[2019/09/06 18:23:51 375] isr        1547 ASR_MSG_AUW,   cloud  
[2019/09/06 18:23:51 375] isr        1559 3200  2  
[2019/09/06 18:23:51 538] isr        1547 ASR_MSG_AUW,   cloud  
[2019/09/06 18:23:51 538] isr        1559 3200  2  
[2019/09/06 18:23:51 539] isr        1547 ASR_MSG_AUW,   cloud  
[2019/09/06 18:23:51 539] isr        1559 3200  2  
[2019/09/06 18:23:51 702] isr        1547 ASR_MSG_AUW,   cloud  
[2019/09/06 18:23:51 702] isr        1559 3200  2  
[2019/09/06 18:23:51 865] isr        1547 ASR_MSG_AUW,   cloud  
[2019/09/06 18:23:51 866] isr        1559 3200  2  
[2019/09/06 18:23:51 866] isr        1547 ASR_MSG_AUW,   cloud  
[2019/09/06 18:23:51 867] isr        1559 3200  2  
[2019/09/06 18:23:51 869] isr        854  [aud] speech end  
[2019/09/06 18:23:51 870] isr        798  3  msc  
[2019/09/06 18:23:51 870] isr        864  aud end, MSC VAD  
[2019/09/06 18:23:51 957] isr        700  cloud_status_cb, eps:  3  
[2019/09/06 18:23:51 957] isr        798  3  cloud  
[2019/09/06 18:23:51 958] isr        800  already speech end  
[2019/09/06 18:23:51 961] isr        662  cloud_rslt_cb status =   5  
[2019/09/06 18:23:51 961] isr        641  process_result call:  cloud  nil  5  nil  
[2019/09/06 18:23:51 962] isr        798  3  msc  
[2019/09/06 18:23:51 962] isr        800  already speech end  
[2019/09/06 18:23:52 028] isr        1547 ASR_MSG_AUW,   cloud  
[2019/09/06 18:23:52 028] isr        1559 3200  2  
[2019/09/06 18:23:52 031] isr        1636 ASR_MSG_GRSLT,   cloud  
[2019/09/06 18:23:52 031] isr        1335 0  nil  5  
[2019/09/06 18:23:52 132] isr        1639 ASR_MSG_SSE,   cloud  
[2019/09/06 18:23:52 132] isr        1356 session_end() [in]  
[2019/09/06 18:23:52 132] isr        1421 cloud_session_end() [in]  
[2019/09/06 18:23:52 135] isr        1488 ns_host=  open.xf-yun.com  
[2019/09/06 18:23:52 135] isr        1498 tick()mod=  22936480  
[2019/09/06 18:23:52 135] isr        1499 tick()=  22936481  
[2019/09/06 18:23:52 136] isr        1501 diff=  9856  
[2019/09/06 18:23:52 136] isr        1514 cloud_session_end() [out]  
[2019/09/06 18:23:52 137] isr        1667 isr unload!  
============================================================
Time  2019/09/06 18:24:31 587 
============================================================
[2019/09/06 18:24:31 587] isr        1659 isr loaded!  
[2019/09/06 18:24:31 587] isr        1642 SYS_MSG_REGCB param0 =   msp_status_cb  param1 =   func(1c02f960) 
[2019/09/06 18:24:31 587] isr        1537 ASR_MSG_SSB  
[2019/09/06 18:24:31 588] isr        1066 session_begin() [in], params:   sub = iat, domain = iat, language = zh_cn, accent = mandarin, sample_rate = 16000, result_type = plain, result_encoding = utf8  nil  
[2019/09/06 18:24:31 588] isr        927  vad_set [in]  
[2019/09/06 18:24:31 588] isr        962  vad_enable :  true  
[2019/09/06 18:24:31 588] isr        980  vad_bos :  10000  
[2019/09/06 18:24:31 588] isr        981  vad_eos :  2000  
[2019/09/06 18:24:31 588] isr        886  enable_vad [in]  
[2019/09/06 18:24:31 589] isr        918  vad enabled!  2000  10000  
[2019/09/06 18:24:31 589] isr        921  enable_vad [out]  
[2019/09/06 18:24:31 589] isr        987  vad_set [out] | ret =  0  
[2019/09/06 18:24:31 589] isr        1187 cur_engine_type =   cloud  
[2019/09/06 18:24:31 589] isr        1001 cloud_session_begin  
[2019/09/06 18:24:31 590] isr        1013 unknown  
[2019/09/06 18:24:31 684] isr        1547 ASR_MSG_AUW,   cloud  
[2019/09/06 18:24:31 687] isr        1559 3200  1  
[2019/09/06 18:24:31 687] isr        1569 once_bytes:   3200  
[2019/09/06 18:24:31 690] isr        1547 ASR_MSG_AUW,   cloud  
[2019/09/06 18:24:31 692] isr        1559 3200  2  
[2019/09/06 18:24:31 694] isr        1547 ASR_MSG_AUW,   cloud  
[2019/09/06 18:24:31 694] isr        1559 3200  2  
[2019/09/06 18:24:31 696] isr        1547 ASR_MSG_AUW,   cloud  
[2019/09/06 18:24:31 697] isr        1559 3200  2  
[2019/09/06 18:24:31 699] isr        851  [aud] speech start  
[2019/09/06 18:24:31 700] isr        798  1  msc  
[2019/09/06 18:24:31 747] isr        1547 ASR_MSG_AUW,   cloud  
[2019/09/06 18:24:31 748] isr        1559 3200  2  
[2019/09/06 18:24:31 766] isr        700  cloud_status_cb, eps:  1  
[2019/09/06 18:24:31 766] isr        798  1  cloud  
[2019/09/06 18:24:31 766] isr        813  cloud eps ignored  
[2019/09/06 18:24:31 908] isr        1547 ASR_MSG_AUW,   cloud  
[2019/09/06 18:24:31 908] isr        1559 3200  2  
[2019/09/06 18:24:31 909] isr        1547 ASR_MSG_AUW,   cloud  
[2019/09/06 18:24:31 909] isr        1559 3200  2  
[2019/09/06 18:24:32 070] isr        1547 ASR_MSG_AUW,   cloud  
[2019/09/06 18:24:32 070] isr        1559 3200  2  
[2019/09/06 18:24:32 071] isr        1547 ASR_MSG_AUW,   cloud  
[2019/09/06 18:24:32 072] isr        1559 3200  2  
[2019/09/06 18:24:32 229] isr        1547 ASR_MSG_AUW,   cloud  
[2019/09/06 18:24:32 229] isr        1559 3200  2  
[2019/09/06 18:24:32 392] isr        1547 ASR_MSG_AUW,   cloud  
[2019/09/06 18:24:32 392] isr        1559 3200  2  
[2019/09/06 18:24:32 393] isr        1547 ASR_MSG_AUW,   cloud  
[2019/09/06 18:24:32 393] isr        1559 3200  2  
[2019/09/06 18:24:32 555] isr        1547 ASR_MSG_AUW,   cloud  
[2019/09/06 18:24:32 555] isr        1559 3200  2  
[2019/09/06 18:24:32 637] isr        1547 ASR_MSG_AUW,   cloud  
[2019/09/06 18:24:32 637] isr        1559 3200  2  
[2019/09/06 18:24:32 801] isr        1547 ASR_MSG_AUW,   cloud  
[2019/09/06 18:24:32 801] isr        1559 3200  2  
[2019/09/06 18:24:32 802] isr        1547 ASR_MSG_AUW,   cloud  
[2019/09/06 18:24:32 802] isr        1559 3200  2  
[2019/09/06 18:24:32 951] isr        1547 ASR_MSG_AUW,   cloud  
[2019/09/06 18:24:32 951] isr        1559 3200  2  
[2019/09/06 18:24:33 114] isr        1547 ASR_MSG_AUW,   cloud  
[2019/09/06 18:24:33 115] isr        1559 3200  2  
[2019/09/06 18:24:33 116] isr        1547 ASR_MSG_AUW,   cloud  
[2019/09/06 18:24:33 116] isr        1559 3200  2  
[2019/09/06 18:24:33 278] isr        1547 ASR_MSG_AUW,   cloud  
[2019/09/06 18:24:33 278] isr        1559 3200  2  
[2019/09/06 18:24:33 279] isr        1547 ASR_MSG_AUW,   cloud  
[2019/09/06 18:24:33 279] isr        1559 3200  2  
[2019/09/06 18:24:33 442] isr        1547 ASR_MSG_AUW,   cloud  
[2019/09/06 18:24:33 442] isr        1559 3200  2  
[2019/09/06 18:24:33 605] isr        1547 ASR_MSG_AUW,   cloud  
[2019/09/06 18:24:33 605] isr        1559 3200  2  
[2019/09/06 18:24:33 605] isr        1547 ASR_MSG_AUW,   cloud  
[2019/09/06 18:24:33 605] isr        1559 3200  2  
[2019/09/06 18:24:33 768] isr        1547 ASR_MSG_AUW,   cloud  
[2019/09/06 18:24:33 768] isr        1559 3200  2  
[2019/09/06 18:24:33 769] isr        1547 ASR_MSG_AUW,   cloud  
[2019/09/06 18:24:33 769] isr        1559 3200  2  
[2019/09/06 18:24:33 931] isr        1547 ASR_MSG_AUW,   cloud  
[2019/09/06 18:24:33 931] isr        1559 3200  2  
[2019/09/06 18:24:34 013] isr        1547 ASR_MSG_AUW,   cloud  
[2019/09/06 18:24:34 013] isr        1559 3200  2  
[2019/09/06 18:24:34 150] isr        1547 ASR_MSG_AUW,   cloud  
[2019/09/06 18:24:34 150] isr        1559 3200  2  
[2019/09/06 18:24:34 313] isr        1547 ASR_MSG_AUW,   cloud  
[2019/09/06 18:24:34 314] isr        1559 3200  2  
[2019/09/06 18:24:34 314] isr        1547 ASR_MSG_AUW,   cloud  
[2019/09/06 18:24:34 315] isr        1559 3200  2  
[2019/09/06 18:24:34 477] isr        1547 ASR_MSG_AUW,   cloud  
[2019/09/06 18:24:34 478] isr        1559 3200  2  
[2019/09/06 18:24:34 478] isr        1547 ASR_MSG_AUW,   cloud  
[2019/09/06 18:24:34 479] isr        1559 3200  2  
[2019/09/06 18:24:34 641] isr        1547 ASR_MSG_AUW,   cloud  
[2019/09/06 18:24:34 641] isr        1559 3200  2  
[2019/09/06 18:24:34 805] isr        1547 ASR_MSG_AUW,   cloud  
[2019/09/06 18:24:34 806] isr        1559 3200  2  
[2019/09/06 18:24:34 806] isr        1547 ASR_MSG_AUW,   cloud  
[2019/09/06 18:24:34 806] isr        1559 3200  2  
[2019/09/06 18:24:34 969] isr        1547 ASR_MSG_AUW,   cloud  
[2019/09/06 18:24:34 969] isr        1559 3200  2  
[2019/09/06 18:24:34 970] isr        1547 ASR_MSG_AUW,   cloud  
[2019/09/06 18:24:34 970] isr        1559 3200  2  
[2019/09/06 18:24:35 132] isr        1547 ASR_MSG_AUW,   cloud  
[2019/09/06 18:24:35 132] isr        1559 3200  2  
[2019/09/06 18:24:35 295] isr        1547 ASR_MSG_AUW,   cloud  
[2019/09/06 18:24:35 296] isr        1559 3200  2  
[2019/09/06 18:24:35 296] isr        1547 ASR_MSG_AUW,   cloud  
[2019/09/06 18:24:35 296] isr        1559 3200  2  
[2019/09/06 18:24:35 378] isr        1547 ASR_MSG_AUW,   cloud  
[2019/09/06 18:24:35 378] isr        1559 3200  2  
[2019/09/06 18:24:35 541] isr        1547 ASR_MSG_AUW,   cloud  
[2019/09/06 18:24:35 541] isr        1559 3200  2  
[2019/09/06 18:24:35 703] isr        1547 ASR_MSG_AUW,   cloud  
[2019/09/06 18:24:35 704] isr        1559 3200  2  
[2019/09/06 18:24:35 704] isr        1547 ASR_MSG_AUW,   cloud  
[2019/09/06 18:24:35 705] isr        1559 3200  2  
[2019/09/06 18:24:35 867] isr        1547 ASR_MSG_AUW,   cloud  
[2019/09/06 18:24:35 867] isr        1559 3200  2  
[2019/09/06 18:24:35 868] isr        1547 ASR_MSG_AUW,   cloud  
[2019/09/06 18:24:35 868] isr        1559 3200  2  
[2019/09/06 18:24:36 030] isr        1547 ASR_MSG_AUW,   cloud  
[2019/09/06 18:24:36 030] isr        1559 3200  2  
[2019/09/06 18:24:36 194] isr        1547 ASR_MSG_AUW,   cloud  
[2019/09/06 18:24:36 194] isr        1559 3200  2  
[2019/09/06 18:24:36 196] isr        1547 ASR_MSG_AUW,   cloud  
[2019/09/06 18:24:36 196] isr        1559 3200  2  
[2019/09/06 18:24:36 358] isr        1547 ASR_MSG_AUW,   cloud  
[2019/09/06 18:24:36 358] isr        1559 3200  2  
[2019/09/06 18:24:36 521] isr        1547 ASR_MSG_AUW,   cloud  
[2019/09/06 18:24:36 521] isr        1559 3200  2  
[2019/09/06 18:24:36 522] isr        1547 ASR_MSG_AUW,   cloud  
[2019/09/06 18:24:36 522] isr        1559 3200  2  
[2019/09/06 18:24:36 684] isr        1547 ASR_MSG_AUW,   cloud  
[2019/09/06 18:24:36 685] isr        1559 3200  2  
[2019/09/06 18:24:36 685] isr        1547 ASR_MSG_AUW,   cloud  
[2019/09/06 18:24:36 685] isr        1559 3200  2  
[2019/09/06 18:24:36 848] isr        1547 ASR_MSG_AUW,   cloud  
[2019/09/06 18:24:36 848] isr        1559 3200  2  
[2019/09/06 18:24:37 011] isr        1547 ASR_MSG_AUW,   cloud  
[2019/09/06 18:24:37 011] isr        1559 3200  2  
[2019/09/06 18:24:37 012] isr        1547 ASR_MSG_AUW,   cloud  
[2019/09/06 18:24:37 012] isr        1559 3200  2  
[2019/09/06 18:24:37 151] isr        1547 ASR_MSG_AUW,   cloud  
[2019/09/06 18:24:37 151] isr        1559 3200  2  
[2019/09/06 18:24:37 232] isr        1547 ASR_MSG_AUW,   cloud  
[2019/09/06 18:24:37 232] isr        1559 3200  2  
[2019/09/06 18:24:37 395] isr        1547 ASR_MSG_AUW,   cloud  
[2019/09/06 18:24:37 395] isr        1559 3200  2  
[2019/09/06 18:24:37 396] isr        1547 ASR_MSG_AUW,   cloud  
[2019/09/06 18:24:37 396] isr        1559 3200  2  
[2019/09/06 18:24:37 559] isr        1547 ASR_MSG_AUW,   cloud  
[2019/09/06 18:24:37 559] isr        1559 3200  2  
[2019/09/06 18:24:37 723] isr        1547 ASR_MSG_AUW,   cloud  
[2019/09/06 18:24:37 724] isr        1559 3200  2  
[2019/09/06 18:24:37 724] isr        1547 ASR_MSG_AUW,   cloud  
[2019/09/06 18:24:37 724] isr        1559 3200  2  
[2019/09/06 18:24:37 886] isr        1547 ASR_MSG_AUW,   cloud  
[2019/09/06 18:24:37 886] isr        1559 3200  2  
[2019/09/06 18:24:37 887] isr        1547 ASR_MSG_AUW,   cloud  
[2019/09/06 18:24:37 887] isr        1559 3200  2  
[2019/09/06 18:24:38 049] isr        1547 ASR_MSG_AUW,   cloud  
[2019/09/06 18:24:38 049] isr        1559 3200  2  
[2019/09/06 18:24:38 214] isr        1547 ASR_MSG_AUW,   cloud  
[2019/09/06 18:24:38 214] isr        1559 3200  2  
[2019/09/06 18:24:38 215] isr        1547 ASR_MSG_AUW,   cloud  
[2019/09/06 18:24:38 215] isr        1559 3200  2  
[2019/09/06 18:24:38 376] isr        1547 ASR_MSG_AUW,   cloud  
[2019/09/06 18:24:38 376] isr        1559 3200  2  
[2019/09/06 18:24:38 377] isr        1547 ASR_MSG_AUW,   cloud  
[2019/09/06 18:24:38 377] isr        1559 3200  2  
[2019/09/06 18:24:38 540] isr        1547 ASR_MSG_AUW,   cloud  
[2019/09/06 18:24:38 540] isr        1559 3200  2  
[2019/09/06 18:24:38 703] isr        1547 ASR_MSG_AUW,   cloud  
[2019/09/06 18:24:38 703] isr        1559 3200  2  
[2019/09/06 18:24:38 704] isr        1547 ASR_MSG_AUW,   cloud  
[2019/09/06 18:24:38 705] isr        1559 3200  2  
[2019/09/06 18:24:38 785] isr        1547 ASR_MSG_AUW,   cloud  
[2019/09/06 18:24:38 785] isr        1559 3200  2  
[2019/09/06 18:24:38 948] isr        1547 ASR_MSG_AUW,   cloud  
[2019/09/06 18:24:38 948] isr        1559 3200  2  
[2019/09/06 18:24:39 112] isr        1547 ASR_MSG_AUW,   cloud  
[2019/09/06 18:24:39 112] isr        1559 3200  2  
[2019/09/06 18:24:39 113] isr        1547 ASR_MSG_AUW,   cloud  
[2019/09/06 18:24:39 113] isr        1559 3200  2  
[2019/09/06 18:24:39 276] isr        1547 ASR_MSG_AUW,   cloud  
[2019/09/06 18:24:39 276] isr        1559 3200  2  
[2019/09/06 18:24:39 277] isr        1547 ASR_MSG_AUW,   cloud  
[2019/09/06 18:24:39 277] isr        1559 3200  2  
[2019/09/06 18:24:39 439] isr        1547 ASR_MSG_AUW,   cloud  
[2019/09/06 18:24:39 440] isr        1559 3200  2  
[2019/09/06 18:24:39 603] isr        1547 ASR_MSG_AUW,   cloud  
[2019/09/06 18:24:39 604] isr        1559 3200  2  
[2019/09/06 18:24:39 604] isr        1547 ASR_MSG_AUW,   cloud  
[2019/09/06 18:24:39 605] isr        1559 3200  2  
[2019/09/06 18:24:39 767] isr        1547 ASR_MSG_AUW,   cloud  
[2019/09/06 18:24:39 768] isr        1559 3200  2  
[2019/09/06 18:24:39 768] isr        1547 ASR_MSG_AUW,   cloud  
[2019/09/06 18:24:39 768] isr        1559 3200  2  
[2019/09/06 18:24:39 931] isr        1547 ASR_MSG_AUW,   cloud  
[2019/09/06 18:24:39 931] isr        1559 3200  2  
[2019/09/06 18:24:40 094] isr        1547 ASR_MSG_AUW,   cloud  
[2019/09/06 18:24:40 095] isr        1559 3200  2  
[2019/09/06 18:24:40 095] isr        1547 ASR_MSG_AUW,   cloud  
[2019/09/06 18:24:40 096] isr        1559 3200  2  
[2019/09/06 18:24:40 234] isr        1547 ASR_MSG_AUW,   cloud  
[2019/09/06 18:24:40 234] isr        1559 3200  2  
[2019/09/06 18:24:40 398] isr        1547 ASR_MSG_AUW,   cloud  
[2019/09/06 18:24:40 398] isr        1559 3200  2  
[2019/09/06 18:24:40 480] isr        1547 ASR_MSG_AUW,   cloud  
[2019/09/06 18:24:40 480] isr        1559 3200  2  
[2019/09/06 18:24:40 481] isr        1547 ASR_MSG_AUW,   cloud  
[2019/09/06 18:24:40 481] isr        1559 3200  2  
[2019/09/06 18:24:40 643] isr        1547 ASR_MSG_AUW,   cloud  
[2019/09/06 18:24:40 644] isr        1559 3200  2  
[2019/09/06 18:24:40 807] isr        1547 ASR_MSG_AUW,   cloud  
[2019/09/06 18:24:40 808] isr        1559 3200  2  
[2019/09/06 18:24:40 809] isr        1547 ASR_MSG_AUW,   cloud  
[2019/09/06 18:24:40 809] isr        1559 3200  2  
[2019/09/06 18:24:40 971] isr        1547 ASR_MSG_AUW,   cloud  
[2019/09/06 18:24:40 972] isr        1559 3200  2  
[2019/09/06 18:24:40 972] isr        1547 ASR_MSG_AUW,   cloud  
[2019/09/06 18:24:40 973] isr        1559 3200  2  
[2019/09/06 18:24:41 135] isr        1547 ASR_MSG_AUW,   cloud  
[2019/09/06 18:24:41 135] isr        1559 3200  2  
[2019/09/06 18:24:41 298] isr        1547 ASR_MSG_AUW,   cloud  
[2019/09/06 18:24:41 298] isr        1559 3200  2  
[2019/09/06 18:24:41 299] isr        1547 ASR_MSG_AUW,   cloud  
[2019/09/06 18:24:41 299] isr        1559 3200  2  
[2019/09/06 18:24:41 302] isr        854  [aud] speech end  
[2019/09/06 18:24:41 303] isr        798  3  msc  
[2019/09/06 18:24:41 303] isr        864  aud end, MSC VAD  
[2019/09/06 18:24:41 398] isr        700  cloud_status_cb, eps:  3  
[2019/09/06 18:24:41 398] isr        798  3  cloud  
[2019/09/06 18:24:41 398] isr        800  already speech end  
[2019/09/06 18:24:41 402] isr        662  cloud_rslt_cb status =   5  
[2019/09/06 18:24:41 403] isr        641  process_result call:  cloud  nil  5  nil  
[2019/09/06 18:24:41 403] isr        798  3  msc  
[2019/09/06 18:24:41 403] isr        800  already speech end  
[2019/09/06 18:24:41 461] isr        1547 ASR_MSG_AUW,   cloud  
[2019/09/06 18:24:41 462] isr        1559 3200  2  
[2019/09/06 18:24:41 463] isr        1636 ASR_MSG_GRSLT,   cloud  
[2019/09/06 18:24:41 463] isr        1335 0  nil  5  
[2019/09/06 18:24:41 564] isr        1639 ASR_MSG_SSE,   cloud  
[2019/09/06 18:24:41 564] isr        1356 session_end() [in]  
[2019/09/06 18:24:41 565] isr        1421 cloud_session_end() [in]  
[2019/09/06 18:24:41 567] isr        1488 ns_host=  open.xf-yun.com  
[2019/09/06 18:24:41 568] isr        1498 tick()mod=  22985913  
[2019/09/06 18:24:41 568] isr        1499 tick()=  22985914  
[2019/09/06 18:24:41 568] isr        1501 diff=  9840  
[2019/09/06 18:24:41 568] isr        1514 cloud_session_end() [out]  
[2019/09/06 18:24:41 569] isr        1667 isr unload!  
============================================================
Time  2019/09/06 18:25:53 486 
============================================================
[2019/09/06 18:25:53 486] isr        1659 isr loaded!  
[2019/09/06 18:25:53 486] isr        1642 SYS_MSG_REGCB param0 =   msp_status_cb  param1 =   func(5c02f960) 
[2019/09/06 18:25:53 487] isr        1537 ASR_MSG_SSB  
[2019/09/06 18:25:53 487] isr        1066 session_begin() [in], params:   sub = iat, domain = iat, language = zh_cn, accent = mandarin, sample_rate = 16000, result_type = plain, result_encoding = utf8  nil  
[2019/09/06 18:25:53 487] isr        927  vad_set [in]  
[2019/09/06 18:25:53 487] isr        962  vad_enable :  true  
[2019/09/06 18:25:53 487] isr        980  vad_bos :  10000  
[2019/09/06 18:25:53 487] isr        981  vad_eos :  2000  
[2019/09/06 18:25:53 487] isr        886  enable_vad [in]  
[2019/09/06 18:25:53 488] isr        918  vad enabled!  2000  10000  
[2019/09/06 18:25:53 488] isr        921  enable_vad [out]  
[2019/09/06 18:25:53 488] isr        987  vad_set [out] | ret =  0  
[2019/09/06 18:25:53 488] isr        1187 cur_engine_type =   cloud  
[2019/09/06 18:25:53 489] isr        1001 cloud_session_begin  
[2019/09/06 18:25:53 489] isr        1013 unknown  
[2019/09/06 18:25:53 493] isr        1547 ASR_MSG_AUW,   cloud  
[2019/09/06 18:25:53 493] isr        1559 6400  1  
[2019/09/06 18:25:53 493] isr        1569 once_bytes:   6400  
[2019/09/06 18:25:53 499] isr        1547 ASR_MSG_AUW,   cloud  
[2019/09/06 18:25:53 499] isr        1559 6400  2  
[2019/09/06 18:25:53 499] isr        851  [aud] speech start  
[2019/09/06 18:25:53 499] isr        798  1  msc  
[2019/09/06 18:25:53 500] isr        1547 ASR_MSG_AUW,   cloud  
[2019/09/06 18:25:53 500] isr        1559 6400  2  
[2019/09/06 18:25:53 500] isr        1547 ASR_MSG_AUW,   cloud  
[2019/09/06 18:25:53 500] isr        1559 6400  2  
[2019/09/06 18:25:53 501] isr        1547 ASR_MSG_AUW,   cloud  
[2019/09/06 18:25:53 501] isr        1559 6400  2  
[2019/09/06 18:25:53 501] isr        1547 ASR_MSG_AUW,   cloud  
[2019/09/06 18:25:53 501] isr        1559 6400  2  
[2019/09/06 18:25:53 502] isr        1547 ASR_MSG_AUW,   cloud  
[2019/09/06 18:25:53 502] isr        1559 6400  2  
[2019/09/06 18:25:53 502] isr        1547 ASR_MSG_AUW,   cloud  
[2019/09/06 18:25:53 503] isr        1559 6400  2  
[2019/09/06 18:25:53 503] isr        1547 ASR_MSG_AUW,   cloud  
[2019/09/06 18:25:53 503] isr        1559 6400  2  
[2019/09/06 18:25:53 503] isr        1547 ASR_MSG_AUW,   cloud  
[2019/09/06 18:25:53 503] isr        1559 6400  2  
[2019/09/06 18:25:53 504] isr        1547 ASR_MSG_AUW,   cloud  
[2019/09/06 18:25:53 504] isr        1559 6400  2  
[2019/09/06 18:25:53 505] isr        1547 ASR_MSG_AUW,   cloud  
[2019/09/06 18:25:53 505] isr        1559 6400  2  
[2019/09/06 18:25:53 505] isr        1547 ASR_MSG_AUW,   cloud  
[2019/09/06 18:25:53 505] isr        1559 6400  2  
[2019/09/06 18:25:53 505] isr        1547 ASR_MSG_AUW,   cloud  
[2019/09/06 18:25:53 505] isr        1559 6400  2  
[2019/09/06 18:25:53 505] isr        1547 ASR_MSG_AUW,   cloud  
[2019/09/06 18:25:53 505] isr        1559 6400  2  
[2019/09/06 18:25:53 505] isr        1547 ASR_MSG_AUW,   cloud  
[2019/09/06 18:25:53 505] isr        1559 6400  2  
[2019/09/06 18:25:53 505] isr        1547 ASR_MSG_AUW,   cloud  
[2019/09/06 18:25:53 505] isr        1559 6400  2  
[2019/09/06 18:25:53 505] isr        1547 ASR_MSG_AUW,   cloud  
[2019/09/06 18:25:53 505] isr        1559 6400  2  
[2019/09/06 18:25:53 505] isr        1547 ASR_MSG_AUW,   cloud  
[2019/09/06 18:25:53 505] isr        1559 6400  2  
[2019/09/06 18:25:53 506] isr        1547 ASR_MSG_AUW,   cloud  
[2019/09/06 18:25:53 506] isr        1559 6400  2  
[2019/09/06 18:25:53 506] isr        1547 ASR_MSG_AUW,   cloud  
[2019/09/06 18:25:53 506] isr        1559 6400  2  
[2019/09/06 18:25:53 506] isr        1547 ASR_MSG_AUW,   cloud  
[2019/09/06 18:25:53 506] isr        1559 6400  2  
[2019/09/06 18:25:53 507] isr        1547 ASR_MSG_AUW,   cloud  
[2019/09/06 18:25:53 507] isr        1559 7420  2  
[2019/09/06 18:25:53 507] isr        1547 ASR_MSG_AUW,   cloud  
[2019/09/06 18:25:53 507] isr        1559 0  4  
[2019/09/06 18:25:53 507] isr        1592 aud end, USER  
[2019/09/06 18:25:53 508] isr        1636 ASR_MSG_GRSLT,   cloud  
[2019/09/06 18:25:53 508] isr        1335 0  nil  2  
[2019/09/06 18:25:53 519] isr        854  [aud] speech end  
[2019/09/06 18:25:53 519] isr        798  3  msc  
[2019/09/06 18:25:53 519] isr        707  cloud_status_cb, start local.  
[2019/09/06 18:25:53 615] isr        1636 ASR_MSG_GRSLT,   cloud  
[2019/09/06 18:25:53 615] isr        1335 0  nil  2  
[2019/09/06 18:25:53 716] isr        1636 ASR_MSG_GRSLT,   cloud  
[2019/09/06 18:25:53 716] isr        1335 0  nil  2  
[2019/09/06 18:25:53 818] isr        1636 ASR_MSG_GRSLT,   cloud  
[2019/09/06 18:25:53 818] isr        1335 0  nil  2  
[2019/09/06 18:25:53 919] isr        1636 ASR_MSG_GRSLT,   cloud  
[2019/09/06 18:25:53 919] isr        1335 0  nil  2  
[2019/09/06 18:25:53 932] isr        700  cloud_status_cb, eps:  3  
[2019/09/06 18:25:53 932] isr        798  3  cloud  
[2019/09/06 18:25:53 932] isr        800  already speech end  
[2019/09/06 18:25:53 935] isr        662  cloud_rslt_cb status =   5  
[2019/09/06 18:25:53 935] isr        641  process_result call:  cloud  udata(5809d428) 5  nil  
[2019/09/06 18:25:53 936] isr        798  3  msc  
[2019/09/06 18:25:53 936] isr        800  already speech end  
[2019/09/06 18:25:54 020] isr        1636 ASR_MSG_GRSLT,   cloud  
[2019/09/06 18:25:54 020] isr        1335 0  udata(5809d428) 5  
[2019/09/06 18:25:54 121] isr        1639 ASR_MSG_SSE,   cloud  
[2019/09/06 18:25:54 121] isr        1356 session_end() [in]  
[2019/09/06 18:25:54 121] isr        1421 cloud_session_end() [in]  
[2019/09/06 18:25:54 123] isr        1488 ns_host=  open.xf-yun.com  
[2019/09/06 18:25:54 124] isr        1498 tick()mod=  23058469  
[2019/09/06 18:25:54 124] isr        1499 tick()=  23058469  
[2019/09/06 18:25:54 124] isr        1501 diff=  494  
[2019/09/06 18:25:54 124] isr        1514 cloud_session_end() [out]  
[2019/09/06 18:25:54 125] isr        1667 isr unload!  
